Log file open, 06/05/20 14:13:51
LogInit: Display: Running engine for game: RTXRender
LogPlatformFile: Not using cached read wrapper
LogTaskGraph: Started task graph with 5 named threads and 23 total threads with 3 sets of task threads.
LogStats: Stats thread started at 5.216408
LogD3D11RHI: Loaded GFSDK_Aftermath_Lib.x64.dll
LogICUInternationalization: ICU TimeZone Detection - Raw Offset: +8:00, Platform Override: ''
LogPluginManager: Mounting plugin Paper2D
LogPluginManager: Mounting plugin AISupport
LogPluginManager: Mounting plugin LightPropagationVolume
LogPluginManager: Mounting plugin CameraShakePreviewer
LogPluginManager: Mounting plugin ActorLayerUtilities
LogPluginManager: Mounting plugin AnimationSharing
LogPluginManager: Mounting plugin CLionSourceCodeAccess
LogPluginManager: Mounting plugin CodeLiteSourceCodeAccess
LogPluginManager: Mounting plugin GitSourceControl
LogPluginManager: Mounting plugin KDevelopSourceCodeAccess
LogPluginManager: Mounting plugin NullSourceCodeAccess
LogPluginManager: Mounting plugin PerforceSourceControl
LogPluginManager: Mounting plugin PlasticSourceControl
LogPluginManager: Mounting plugin RiderSourceCodeAccess
LogPluginManager: Mounting plugin SubversionSourceControl
LogPluginManager: Mounting plugin UObjectPlugin
LogPluginManager: Mounting plugin VisualStudioCodeSourceCodeAccess
LogPluginManager: Mounting plugin VisualStudioSourceCodeAccess
LogPluginManager: Mounting plugin XCodeSourceCodeAccess
LogPluginManager: Mounting plugin AssetManagerEditor
LogPluginManager: Mounting plugin CryptoKeys
LogPluginManager: Mounting plugin CurveEditorTools
LogPluginManager: Mounting plugin DataValidation
LogPluginManager: Mounting plugin EditorScriptingUtilities
LogPluginManager: Mounting plugin FacialAnimation
LogPluginManager: Mounting plugin GameplayTagsEditor
LogPluginManager: Mounting plugin GeometryMode
LogPluginManager: Mounting plugin MacGraphicsSwitching
LogPluginManager: Mounting plugin MaterialAnalyzer
LogPluginManager: Mounting plugin MobileLauncherProfileWizard
LogPluginManager: Mounting plugin PluginBrowser
LogPluginManager: Mounting plugin SpeedTreeImporter
LogPluginManager: Mounting plugin DatasmithContent
LogPluginManager: Mounting plugin VariantManagerContent
LogPluginManager: Mounting plugin AlembicImporter
LogPluginManager: Mounting plugin AutomationUtils
LogPluginManager: Mounting plugin BackChannel
LogPluginManager: Mounting plugin ChaosCloth
LogPluginManager: Mounting plugin ChaosClothEditor
LogPluginManager: Mounting plugin ChaosEditor
LogPluginManager: Mounting plugin ChaosNiagara
LogPluginManager: Mounting plugin ChaosSolverPlugin
LogPluginManager: Mounting plugin CharacterAI
LogPluginManager: Mounting plugin GeometryCache
LogPluginManager: Mounting plugin GeometryCollectionPlugin
LogPluginManager: Mounting plugin GeometryProcessing
LogPluginManager: Mounting plugin PlanarCut
LogPluginManager: Mounting plugin PlatformCrypto
LogPluginManager: Mounting plugin ProxyLODPlugin
LogPluginManager: Mounting plugin SkeletalReduction
LogPluginManager: Mounting plugin Niagara
LogPluginManager: Mounting plugin MagicLeap
LogPluginManager: Mounting plugin MagicLeapLightEstimation
LogPluginManager: Mounting plugin MagicLeapMedia
LogPluginManager: Mounting plugin MagicLeapPassableWorld
LogPluginManager: Mounting plugin MLSDK
LogPluginManager: Mounting plugin AndroidMedia
LogPluginManager: Mounting plugin AvfMedia
LogPluginManager: Mounting plugin ImgMedia
LogPluginManager: Mounting plugin MediaCompositing
LogPluginManager: Mounting plugin MediaPlayerEditor
LogPluginManager: Mounting plugin WebMMedia
LogPluginManager: Mounting plugin WmfMedia
LogPluginManager: Mounting plugin MeshPainting
LogPluginManager: Mounting plugin TcpMessaging
LogPluginManager: Mounting plugin UdpMessaging
LogPluginManager: Mounting plugin ActorSequence
LogPluginManager: Mounting plugin LevelSequenceEditor
LogPluginManager: Mounting plugin MatineeToLevelSequence
LogPluginManager: Mounting plugin MovieRenderPipeline
LogPluginManager: Mounting plugin TemplateSequence
LogPluginManager: Mounting plugin NetcodeUnitTest
LogPluginManager: Mounting plugin NUTUnrealEngine4
LogPluginManager: Mounting plugin OnlineSubsystemGooglePlay
LogPluginManager: Mounting plugin OnlineSubsystemIOS
LogPluginManager: Mounting plugin OnlineSubsystem
LogPluginManager: Mounting plugin OnlineSubsystemNull
LogPluginManager: Mounting plugin OnlineSubsystemUtils
LogPluginManager: Mounting plugin LauncherChunkInstaller
LogPluginManager: Mounting plugin AndroidDeviceProfileSelector
LogPluginManager: Mounting plugin AndroidMoviePlayer
LogPluginManager: Mounting plugin AndroidPermission
LogPluginManager: Mounting plugin AppleImageUtils
LogPluginManager: Mounting plugin AppleMoviePlayer
LogPluginManager: Mounting plugin ArchVisCharacter
LogPluginManager: Mounting plugin AssetTags
LogPluginManager: Mounting plugin AudioCapture
LogPluginManager: Mounting plugin CableComponent
LogPluginManager: Mounting plugin CustomMeshComponent
LogPluginManager: Mounting plugin EditableMesh
LogPluginManager: Mounting plugin ExampleDeviceProfileSelector
LogPluginManager: Mounting plugin GoogleCloudMessaging
LogPluginManager: Mounting plugin GooglePAD
LogPluginManager: Mounting plugin IOSDeviceProfileSelector
LogPluginManager: Mounting plugin LinuxDeviceProfileSelector
LogPluginManager: Mounting plugin LocationServicesBPLibrary
LogPluginManager: Mounting plugin MobilePatchingUtils
LogPluginManager: Mounting plugin OculusVR
LogPluginManager: Mounting plugin PhysXVehicles
LogPluginManager: Mounting plugin PostSplashScreen
LogPluginManager: Mounting plugin ProceduralMeshComponent
LogPluginManager: Mounting plugin RuntimePhysXCooking
LogPluginManager: Mounting plugin SignificanceManager
LogPluginManager: Mounting plugin SoundFields
LogPluginManager: Mounting plugin SteamVR
LogPluginManager: Mounting plugin Synthesis
LogPluginManager: Mounting plugin WebMMoviePlayer
LogPluginManager: Mounting plugin WindowsMoviePlayer
LogPluginManager: Mounting plugin ScreenshotTools
LogPluginManager: Mounting plugin BuildingSDK
LogPluginManager: Mounting plugin CustomLayout
LogPluginManager: Mounting plugin HttpDownloader
LogPluginManager: Mounting plugin VaRest
LogInit: Using libcurl 7.55.1-DEV
LogInit:  - built for x86_64-pc-win32
LogInit:  - supports SSL with OpenSSL/1.1.1
LogInit:  - supports HTTP deflate (compression) using libz 1.2.8
LogInit:  - other features:
LogInit:      CURL_VERSION_SSL
LogInit:      CURL_VERSION_LIBZ
LogInit:      CURL_VERSION_IPV6
LogInit:      CURL_VERSION_ASYNCHDNS
LogInit:      CURL_VERSION_LARGEFILE
LogInit:      CURL_VERSION_IDN
LogInit:  CurlRequestOptions (configurable via config and command line):
LogInit:  - bVerifyPeer = true  - Libcurl will verify peer certificate
LogInit:  - bUseHttpProxy = false  - Libcurl will NOT use HTTP proxy
LogInit:  - bDontReuseConnections = false  - Libcurl will reuse connections
LogInit:  - MaxHostConnections = 16  - Libcurl will limit the number of connections to a host
LogInit:  - LocalHostAddr = Default
LogInit:  - BufferSize = 65536
LogOnline: OSS: Creating online subsystem instance for: NULL
LogInit: WinSock: version 1.1 (2.2), MaxSocks=32767, MaxUdp=65467
LogOnline: OSS: TryLoadSubsystemAndSetDefault: Loaded subsystem for module [NULL]
LogInit: Build: ++UE4+Release-4.25-CL-0
LogInit: Engine Version: 4.25.0-0+++UE4+Release-4.25
LogInit: Compatible Engine Version: 4.25.0-0+++UE4+Release-4.25
LogInit: Net CL: 0
LogInit: OS: Windows 10 (Release 1809) (), CPU: Intel(R) Core(TM) i7-6700K CPU @ 4.00GHz, GPU: NVIDIA GeForce RTX 2080 Ti
LogInit: Compiled (64-bit): Jun  3 2020 19:01:43
LogInit: Compiled with Visual C++: 19.16.27031.01
LogInit: Build Configuration: Development
LogInit: Branch Name: ++UE4+Release-4.25
LogInit: Command Line:  -skipcompile
LogInit: Base Directory: D:/Epic Games/UnrealEngine-4.25/Engine/Binaries/Win64/
LogInit: Allocator: TBB
LogInit: Installed Engine Build: 0
LogDevObjectVersion: Number of dev versions registered: 26
LogDevObjectVersion:   Dev-Blueprints (B0D832E4-1F89-4F0D-ACCF-7EB736FD4AA2): 10
LogDevObjectVersion:   Dev-Build (E1C64328-A22C-4D53-A36C-8E866417BD8C): 0
LogDevObjectVersion:   Dev-Core (375EC13C-06E4-48FB-B500-84F0262A717E): 4
LogDevObjectVersion:   Dev-Editor (E4B068ED-F494-42E9-A231-DA0B2E46BB41): 38
LogDevObjectVersion:   Dev-Framework (CFFC743F-43B0-4480-9391-14DF171D2073): 37
LogDevObjectVersion:   Dev-Mobile (B02B49B5-BB20-44E9-A304-32B752E40360): 2
LogDevObjectVersion:   Dev-Networking (A4E4105C-59A1-49B5-A7C5-40C4547EDFEE): 0
LogDevObjectVersion:   Dev-Online (39C831C9-5AE6-47DC-9A44-9C173E1C8E7C): 0
LogDevObjectVersion:   Dev-Physics (78F01B33-EBEA-4F98-B9B4-84EACCB95AA2): 4
LogDevObjectVersion:   Dev-Platform (6631380F-2D4D-43E0-8009-CF276956A95A): 0
LogDevObjectVersion:   Dev-Rendering (12F88B9F-8875-4AFC-A67C-D90C383ABD29): 43
LogDevObjectVersion:   Dev-Sequencer (7B5AE74C-D270-4C10-A958-57980B212A5A): 12
LogDevObjectVersion:   Dev-VR (D7296918-1DD6-4BDD-9DE2-64A83CC13884): 3
LogDevObjectVersion:   Dev-LoadTimes (C2A15278-BFE7-4AFE-6C17-90FF531DF755): 1
LogDevObjectVersion:   Private-Geometry (6EACA3D4-40EC-4CC1-B786-8BED09428FC5): 3
LogDevObjectVersion:   Dev-AnimPhys (29E575DD-E0A3-4627-9D10-D276232CDCEA): 17
LogDevObjectVersion:   Dev-Anim (AF43A65D-7FD3-4947-9873-3E8ED9C1BB05): 7
LogDevObjectVersion:   Dev-ReflectionCapture (6B266CEC-1EC7-4B8F-A30B-E4D90942FC07): 1
LogDevObjectVersion:   Dev-Automation (0DF73D61-A23F-47EA-B727-89E90C41499A): 1
LogDevObjectVersion:   FortniteMain (601D1886-AC64-4F84-AA16-D3DE0DEAC7D6): 31
LogDevObjectVersion:   Dev-Enterprise (9DFFBCD6-494F-0158-E221-12823C92A888): 10
LogDevObjectVersion:   Dev-Niagara (F2AED0AC-9AFE-416F-8664-AA7FFA26D6FC): 1
LogDevObjectVersion:   Dev-Destruction (174F1F0B-B4C6-45A5-B13F-2EE8D0FB917D): 10
LogDevObjectVersion:   Dev-Physics-Ext (35F94A83-E258-406C-A318-09F59610247C): 37
LogDevObjectVersion:   Dev-PhysicsMaterial-Chaos (B68FC16E-8B1B-42E2-B453-215C058844FE): 1
LogDevObjectVersion:   Dev-CineCamera (B2E18506-4273-CFC2-A54E-F4BB758BBA07): 1
LogLinker: AddRedirectList(D:/Projects/RTX_Render/Saved/Config/Windows/VaRest.ini) has substring redirect /VaRestPlugin/, these are very slow and should be resolved as soon as possible!
LogInit: Presizing for max 25165824 objects, including 0 objects not considered by GC, pre-allocating 0 bytes for permanent pool.
LogConfig: Applying CVar settings from Section [/Script/Engine.StreamingSettings] File [D:/Projects/RTX_Render/Saved/Config/Windows/Engine.ini]
LogConfig: Setting CVar [[s.MinBulkDataSizeForAsyncLoading:131072]]
LogConfig: Setting CVar [[s.AsyncLoadingThreadEnabled:0]]
LogConfig: Setting CVar [[s.EventDrivenLoaderEnabled:1]]
LogConfig: Setting CVar [[s.WarnIfTimeLimitExceeded:0]]
LogConfig: Setting CVar [[s.TimeLimitExceededMultiplier:1.5]]
LogConfig: Setting CVar [[s.TimeLimitExceededMinTime:0.005]]
LogConfig: Setting CVar [[s.UseBackgroundLevelStreaming:1]]
LogConfig: Setting CVar [[s.PriorityAsyncLoadingExtraTime:15.0]]
LogConfig: Setting CVar [[s.LevelStreamingActorsUpdateTimeLimit:5.0]]
LogConfig: Setting CVar [[s.PriorityLevelStreamingActorsUpdateExtraTime:5.0]]
LogConfig: Setting CVar [[s.LevelStreamingComponentsRegistrationGranularity:10]]
LogConfig: Setting CVar [[s.UnregisterComponentsTimeLimit:1.0]]
LogConfig: Setting CVar [[s.LevelStreamingComponentsUnregistrationGranularity:5]]
LogConfig: Setting CVar [[s.FlushStreamingOnExit:1]]
LogInit: Object subsystem initialized
LogConfig: Setting CVar [[con.DebugEarlyDefault:1]]
LogConfig: Setting CVar [[r.setres:1280x720]]
[2020.06.05-06.13.56:983][  0]LogConfig: Setting CVar [[r.VSync:0]]
[2020.06.05-06.13.56:983][  0]LogConfig: Setting CVar [[r.RHICmdBypass:0]]
[2020.06.05-06.13.56:995][  0]LogConfig: Applying CVar settings from Section [/Script/Engine.RendererSettings] File [D:/Projects/RTX_Render/Saved/Config/Windows/Engine.ini]
[2020.06.05-06.13.56:995][  0]LogConfig: Setting CVar [[r.GPUCrashDebugging:0]]
[2020.06.05-06.13.56:995][  0]LogConfig: Setting CVar [[r.SkinCache.CompileShaders:1]]
[2020.06.05-06.13.56:995][  0]LogConfig: Setting CVar [[r.RayTracing:1]]
[2020.06.05-06.13.56:995][  0]LogConfig: Applying CVar settings from Section [/Script/Engine.RendererOverrideSettings] File [D:/Projects/RTX_Render/Saved/Config/Windows/Engine.ini]
[2020.06.05-06.13.56:995][  0]LogConfig: Applying CVar settings from Section [/Script/Engine.StreamingSettings] File [D:/Projects/RTX_Render/Saved/Config/Windows/Engine.ini]
[2020.06.05-06.13.56:996][  0]LogConfig: Setting CVar [[s.MinBulkDataSizeForAsyncLoading:131072]]
[2020.06.05-06.13.56:996][  0]LogConfig: Setting CVar [[s.AsyncLoadingThreadEnabled:0]]
[2020.06.05-06.13.56:996][  0]LogConfig: Setting CVar [[s.EventDrivenLoaderEnabled:1]]
[2020.06.05-06.13.56:996][  0]LogConfig: Setting CVar [[s.WarnIfTimeLimitExceeded:0]]
[2020.06.05-06.13.56:996][  0]LogConfig: Setting CVar [[s.TimeLimitExceededMultiplier:1.5]]
[2020.06.05-06.13.56:996][  0]LogConfig: Setting CVar [[s.TimeLimitExceededMinTime:0.005]]
[2020.06.05-06.13.56:996][  0]LogConfig: Setting CVar [[s.UseBackgroundLevelStreaming:1]]
[2020.06.05-06.13.56:996][  0]LogConfig: Setting CVar [[s.PriorityAsyncLoadingExtraTime:15.0]]
[2020.06.05-06.13.56:996][  0]LogConfig: Setting CVar [[s.LevelStreamingActorsUpdateTimeLimit:5.0]]
[2020.06.05-06.13.56:996][  0]LogConfig: Setting CVar [[s.PriorityLevelStreamingActorsUpdateExtraTime:5.0]]
[2020.06.05-06.13.56:996][  0]LogConfig: Setting CVar [[s.LevelStreamingComponentsRegistrationGranularity:10]]
[2020.06.05-06.13.56:996][  0]LogConfig: Setting CVar [[s.UnregisterComponentsTimeLimit:1.0]]
[2020.06.05-06.13.56:996][  0]LogConfig: Setting CVar [[s.LevelStreamingComponentsUnregistrationGranularity:5]]
[2020.06.05-06.13.56:997][  0]LogConfig: Setting CVar [[s.FlushStreamingOnExit:1]]
[2020.06.05-06.13.56:997][  0]LogConfig: Applying CVar settings from Section [/Script/Engine.GarbageCollectionSettings] File [D:/Projects/RTX_Render/Saved/Config/Windows/Engine.ini]
[2020.06.05-06.13.56:997][  0]LogConfig: Setting CVar [[gc.MaxObjectsNotConsideredByGC:1]]
[2020.06.05-06.13.56:997][  0]LogConfig: Setting CVar [[gc.SizeOfPermanentObjectPool:0]]
[2020.06.05-06.13.56:997][  0]LogConfig: Setting CVar [[gc.FlushStreamingOnGC:0]]
[2020.06.05-06.13.56:997][  0]LogConfig: Setting CVar [[gc.NumRetriesBeforeForcingGC:10]]
[2020.06.05-06.13.56:997][  0]LogConfig: Setting CVar [[gc.AllowParallelGC:1]]
[2020.06.05-06.13.56:997][  0]LogConfig: Setting CVar [[gc.TimeBetweenPurgingPendingKillObjects:61.1]]
[2020.06.05-06.13.56:997][  0]LogConfig: Setting CVar [[gc.MaxObjectsInEditor:25165824]]
[2020.06.05-06.13.56:997][  0]LogConfig: Setting CVar [[gc.IncrementalBeginDestroyEnabled:1]]
[2020.06.05-06.13.56:997][  0]LogConfig: Setting CVar [[gc.CreateGCClusters:1]]
[2020.06.05-06.13.56:997][  0]LogConfig: Setting CVar [[gc.MinGCClusterSize:5]]
[2020.06.05-06.13.56:997][  0]LogConfig: Setting CVar [[gc.ActorClusteringEnabled:0]]
[2020.06.05-06.13.56:998][  0]LogConfig: Setting CVar [[gc.BlueprintClusteringEnabled:0]]
[2020.06.05-06.13.56:998][  0]LogConfig: Setting CVar [[gc.UseDisregardForGCOnDedicatedServers:0]]
[2020.06.05-06.13.56:998][  0]LogConfig: Applying CVar settings from Section [/Script/Engine.NetworkSettings] File [D:/Projects/RTX_Render/Saved/Config/Windows/Engine.ini]
[2020.06.05-06.13.56:998][  0]LogConfig: Applying CVar settings from Section [/Script/UnrealEd.CookerSettings] File [D:/Projects/RTX_Render/Saved/Config/Windows/Engine.ini]
[2020.06.05-06.13.57:073][  0]LogConfig: Applying CVar settings from Section [ViewDistanceQuality@3] File [D:/Projects/RTX_Render/Saved/Config/Windows/Scalability.ini]
[2020.06.05-06.13.57:073][  0]LogConfig: Setting CVar [[r.SkeletalMeshLODBias:0]]
[2020.06.05-06.13.57:073][  0]LogConfig: Setting CVar [[r.ViewDistanceScale:1.0]]
[2020.06.05-06.13.57:073][  0]LogConfig: Applying CVar settings from Section [AntiAliasingQuality@3] File [D:/Projects/RTX_Render/Saved/Config/Windows/Scalability.ini]
[2020.06.05-06.13.57:074][  0]LogConfig: Setting CVar [[r.PostProcessAAQuality:4]]
[2020.06.05-06.13.57:074][  0]LogConfig: Applying CVar settings from Section [ShadowQuality@3] File [D:/Projects/RTX_Render/Saved/Config/Windows/Scalability.ini]
[2020.06.05-06.13.57:074][  0]LogConfig: Setting CVar [[r.LightFunctionQuality:1]]
[2020.06.05-06.13.57:074][  0]LogConfig: Setting CVar [[r.ShadowQuality:5]]
[2020.06.05-06.13.57:074][  0]LogConfig: Setting CVar [[r.Shadow.CSM.MaxCascades:10]]
[2020.06.05-06.13.57:074][  0]LogConfig: Setting CVar [[r.Shadow.MaxResolution:2048]]
[2020.06.05-06.13.57:074][  0]LogConfig: Setting CVar [[r.Shadow.MaxCSMResolution:2048]]
[2020.06.05-06.13.57:074][  0]LogConfig: Setting CVar [[r.Shadow.RadiusThreshold:0.01]]
[2020.06.05-06.13.57:074][  0]LogConfig: Setting CVar [[r.Shadow.DistanceScale:1.0]]
[2020.06.05-06.13.57:074][  0]LogConfig: Setting CVar [[r.Shadow.CSM.TransitionScale:1.0]]
[2020.06.05-06.13.57:074][  0]LogConfig: Setting CVar [[r.Shadow.PreShadowResolutionFactor:1.0]]
[2020.06.05-06.13.57:074][  0]LogConfig: Setting CVar [[r.DistanceFieldShadowing:1]]
[2020.06.05-06.13.57:075][  0]LogConfig: Setting CVar [[r.DistanceFieldAO:1]]
[2020.06.05-06.13.57:075][  0]LogConfig: Setting CVar [[r.AOQuality:2]]
[2020.06.05-06.13.57:075][  0]LogConfig: Setting CVar [[r.VolumetricFog:1]]
[2020.06.05-06.13.57:075][  0]LogConfig: Setting CVar [[r.VolumetricFog.GridPixelSize:8]]
[2020.06.05-06.13.57:075][  0]LogConfig: Setting CVar [[r.VolumetricFog.GridSizeZ:128]]
[2020.06.05-06.13.57:075][  0]LogConfig: Setting CVar [[r.VolumetricFog.HistoryMissSupersampleCount:4]]
[2020.06.05-06.13.57:075][  0]LogConfig: Setting CVar [[r.LightMaxDrawDistanceScale:1]]
[2020.06.05-06.13.57:075][  0]LogConfig: Setting CVar [[r.CapsuleShadows:1]]
[2020.06.05-06.13.57:075][  0]LogConfig: Applying CVar settings from Section [PostProcessQuality@3] File [D:/Projects/RTX_Render/Saved/Config/Windows/Scalability.ini]
[2020.06.05-06.13.57:075][  0]LogConfig: Setting CVar [[r.MotionBlurQuality:4]]
[2020.06.05-06.13.57:076][  0]LogConfig: Setting CVar [[r.AmbientOcclusionMipLevelFactor:0.4]]
[2020.06.05-06.13.57:076][  0]LogConfig: Setting CVar [[r.AmbientOcclusionMaxQuality:100]]
[2020.06.05-06.13.57:076][  0]LogConfig: Setting CVar [[r.AmbientOcclusionLevels:-1]]
[2020.06.05-06.13.57:076][  0]LogConfig: Setting CVar [[r.AmbientOcclusionRadiusScale:1.0]]
[2020.06.05-06.13.57:076][  0]LogConfig: Setting CVar [[r.DepthOfFieldQuality:2]]
[2020.06.05-06.13.57:076][  0]LogConfig: Setting CVar [[r.RenderTargetPoolMin:400]]
[2020.06.05-06.13.57:076][  0]LogConfig: Setting CVar [[r.LensFlareQuality:2]]
[2020.06.05-06.13.57:076][  0]LogConfig: Setting CVar [[r.SceneColorFringeQuality:1]]
[2020.06.05-06.13.57:076][  0]LogConfig: Setting CVar [[r.EyeAdaptationQuality:2]]
[2020.06.05-06.13.57:077][  0]LogConfig: Setting CVar [[r.BloomQuality:5]]
[2020.06.05-06.13.57:077][  0]LogConfig: Setting CVar [[r.FastBlurThreshold:100]]
[2020.06.05-06.13.57:077][  0]LogConfig: Setting CVar [[r.Upscale.Quality:3]]
[2020.06.05-06.13.57:077][  0]LogConfig: Setting CVar [[r.Tonemapper.GrainQuantization:1]]
[2020.06.05-06.13.57:077][  0]LogConfig: Setting CVar [[r.LightShaftQuality:1]]
[2020.06.05-06.13.57:077][  0]LogConfig: Setting CVar [[r.Filter.SizeScale:1]]
[2020.06.05-06.13.57:077][  0]LogConfig: Setting CVar [[r.Tonemapper.Quality:5]]
[2020.06.05-06.13.57:077][  0]LogConfig: Setting CVar [[r.DOF.Gather.AccumulatorQuality:1        ; higher gathering accumulator quality]]
[2020.06.05-06.13.57:078][  0]LogConfig: Setting CVar [[r.DOF.Gather.PostfilterMethod:1          ; Median3x3 postfilering method]]
[2020.06.05-06.13.57:078][  0]LogConfig: Setting CVar [[r.DOF.Gather.EnableBokehSettings:0       ; no bokeh simulation when gathering]]
[2020.06.05-06.13.57:078][  0]LogConfig: Setting CVar [[r.DOF.Gather.RingCount:4                 ; medium number of samples when gathering]]
[2020.06.05-06.13.57:078][  0]LogConfig: Setting CVar [[r.DOF.Scatter.ForegroundCompositing:1    ; additive foreground scattering]]
[2020.06.05-06.13.57:078][  0]LogConfig: Setting CVar [[r.DOF.Scatter.BackgroundCompositing:2    ; additive background scattering]]
[2020.06.05-06.13.57:078][  0]LogConfig: Setting CVar [[r.DOF.Scatter.EnableBokehSettings:1      ; bokeh simulation when scattering]]
[2020.06.05-06.13.57:078][  0]LogConfig: Setting CVar [[r.DOF.Scatter.MaxSpriteRatio:0.1         ; only a maximum of 10% of scattered bokeh]]
[2020.06.05-06.13.57:078][  0]LogConfig: Setting CVar [[r.DOF.Recombine.Quality:1                ; cheap slight out of focus]]
[2020.06.05-06.13.57:078][  0]LogConfig: Setting CVar [[r.DOF.Recombine.EnableBokehSettings:0    ; no bokeh simulation on slight out of focus]]
[2020.06.05-06.13.57:078][  0]LogConfig: Setting CVar [[r.DOF.TemporalAAQuality:1                ; more stable temporal accumulation]]
[2020.06.05-06.13.57:078][  0]LogConfig: Setting CVar [[r.DOF.Kernel.MaxForegroundRadius:0.025]]
[2020.06.05-06.13.57:078][  0]LogConfig: Setting CVar [[r.DOF.Kernel.MaxBackgroundRadius:0.025]]
[2020.06.05-06.13.57:079][  0]LogConfig: Applying CVar settings from Section [TextureQuality@3] File [D:/Projects/RTX_Render/Saved/Config/Windows/Scalability.ini]
[2020.06.05-06.13.57:079][  0]LogConfig: Setting CVar [[r.Streaming.MipBias:0]]
[2020.06.05-06.13.57:079][  0]LogConfig: Setting CVar [[r.Streaming.AmortizeCPUToGPUCopy:0]]
[2020.06.05-06.13.57:079][  0]LogConfig: Setting CVar [[r.Streaming.MaxNumTexturesToStreamPerFrame:0]]
[2020.06.05-06.13.57:079][  0]LogConfig: Setting CVar [[r.Streaming.Boost:1]]
[2020.06.05-06.13.57:079][  0]LogConfig: Setting CVar [[r.MaxAnisotropy:8]]
[2020.06.05-06.13.57:079][  0]LogConfig: Setting CVar [[r.VT.MaxAnisotropy:8]]
[2020.06.05-06.13.57:079][  0]LogConfig: Setting CVar [[r.Streaming.LimitPoolSizeToVRAM:0]]
[2020.06.05-06.13.57:079][  0]LogConfig: Setting CVar [[r.Streaming.PoolSize:1000]]
[2020.06.05-06.13.57:079][  0]LogConfig: Setting CVar [[r.Streaming.MaxEffectiveScreenSize:0]]
[2020.06.05-06.13.57:079][  0]LogConfig: Applying CVar settings from Section [EffectsQuality@3] File [D:/Projects/RTX_Render/Saved/Config/Windows/Scalability.ini]
[2020.06.05-06.13.57:079][  0]LogConfig: Setting CVar [[r.TranslucencyLightingVolumeDim:64]]
[2020.06.05-06.13.57:080][  0]LogConfig: Setting CVar [[r.RefractionQuality:2]]
[2020.06.05-06.13.57:080][  0]LogConfig: Setting CVar [[r.SSR.Quality:3]]
[2020.06.05-06.13.57:080][  0]LogConfig: Setting CVar [[r.SSR.HalfResSceneColor:0]]
[2020.06.05-06.13.57:080][  0]LogConfig: Setting CVar [[r.SceneColorFormat:4]]
[2020.06.05-06.13.57:080][  0]LogConfig: Setting CVar [[r.DetailMode:2]]
[2020.06.05-06.13.57:080][  0]LogConfig: Setting CVar [[r.TranslucencyVolumeBlur:1]]
[2020.06.05-06.13.57:080][  0]LogConfig: Setting CVar [[r.MaterialQualityLevel:1 ; High quality]]
[2020.06.05-06.13.57:080][  0]LogConfig: Setting CVar [[r.SSS.Scale:1]]
[2020.06.05-06.13.57:080][  0]LogConfig: Setting CVar [[r.SSS.SampleSet:2]]
[2020.06.05-06.13.57:080][  0]LogConfig: Setting CVar [[r.SSS.Quality:1]]
[2020.06.05-06.13.57:080][  0]LogConfig: Setting CVar [[r.SSS.HalfRes:0]]
[2020.06.05-06.13.57:080][  0]LogConfig: Setting CVar [[r.SSGI.Quality:3]]
[2020.06.05-06.13.57:080][  0]LogConfig: Setting CVar [[r.EmitterSpawnRateScale:1.0]]
[2020.06.05-06.13.57:081][  0]LogConfig: Setting CVar [[r.ParticleLightQuality:2]]
[2020.06.05-06.13.57:081][  0]LogConfig: Setting CVar [[r.SkyAtmosphere.AerialPerspectiveLUT.FastApplyOnOpaque:1 ; Always have FastSkyLUT 1 in this case to avoid wrong sky]]
[2020.06.05-06.13.57:081][  0]LogConfig: Setting CVar [[r.SkyAtmosphere.AerialPerspectiveLUT.SampleCountPerSlice:1]]
[2020.06.05-06.13.57:081][  0]LogConfig: Setting CVar [[r.SkyAtmosphere.AerialPerspectiveLUT.DepthResolution:16.0]]
[2020.06.05-06.13.57:081][  0]LogConfig: Setting CVar [[r.SkyAtmosphere.FastSkyLUT:1]]
[2020.06.05-06.13.57:081][  0]LogConfig: Setting CVar [[r.SkyAtmosphere.FastSkyLUT.SampleCountMin:4.0]]
[2020.06.05-06.13.57:081][  0]LogConfig: Setting CVar [[r.SkyAtmosphere.FastSkyLUT.SampleCountMax:32.0]]
[2020.06.05-06.13.57:081][  0]LogConfig: Setting CVar [[r.SkyAtmosphere.SampleCountMin:4.0]]
[2020.06.05-06.13.57:081][  0]LogConfig: Setting CVar [[r.SkyAtmosphere.SampleCountMax:32.0]]
[2020.06.05-06.13.57:082][  0]LogConfig: Setting CVar [[r.SkyAtmosphere.TransmittanceLUT.UseSmallFormat:0]]
[2020.06.05-06.13.57:082][  0]LogConfig: Setting CVar [[r.SkyAtmosphere.TransmittanceLUT.SampleCount:10.0]]
[2020.06.05-06.13.57:082][  0]LogConfig: Setting CVar [[r.SkyAtmosphere.MultiScatteringLUT.SampleCount:15.0]]
[2020.06.05-06.13.57:082][  0]LogConfig: Applying CVar settings from Section [FoliageQuality@3] File [D:/Projects/RTX_Render/Saved/Config/Windows/Scalability.ini]
[2020.06.05-06.13.57:082][  0]LogConfig: Setting CVar [[foliage.DensityScale:1.0]]
[2020.06.05-06.13.57:083][  0]LogConfig: Setting CVar [[grass.DensityScale:1.0]]
[2020.06.05-06.13.57:083][  0]LogConfig: Applying CVar settings from Section [ShadingQuality@3] File [D:/Projects/RTX_Render/Saved/Config/Windows/Scalability.ini]
[2020.06.05-06.13.57:083][  0]LogConfig: Setting CVar [[r.HairStrands.SkyLighting.SampleCount:16]]
[2020.06.05-06.13.57:083][  0]LogConfig: Setting CVar [[r.HairStrands.SkyLighting.JitterIntegration:0]]
[2020.06.05-06.13.57:083][  0]LogConfig: Setting CVar [[r.HairStrands.SkyAO.SampleCount:16]]
[2020.06.05-06.13.57:083][  0]LogConfig: Setting CVar [[r.HairStrands.DeepShadow.SuperSampling:0]]
[2020.06.05-06.13.57:083][  0]LogConfig: Setting CVar [[r.HairStrands.VisibilityPPLL:0]]
[2020.06.05-06.13.57:084][  0]LogConfig: Setting CVar [[r.HairStrands.RasterizationScale:0.5]]
[2020.06.05-06.13.57:084][  0]LogConfig: Setting CVar [[r.HairStrands.VelocityRasterizationScale:1]]
[2020.06.05-06.13.57:090][  0]LogInit: Selected Device Profile: [Windows]
[2020.06.05-06.13.57:090][  0]LogInit: Applying CVar settings loaded from the selected device profile: [Windows]
[2020.06.05-06.13.57:100][  0]LogHAL: Display: Platform has ~ 16 GB [17128415232 / 17179869184 / 16], which maps to Larger [LargestMinGB=32, LargerMinGB=12, DefaultMinGB=8, SmallerMinGB=6, SmallestMinGB=0)
[2020.06.05-06.13.57:100][  0]LogInit: Going up to parent DeviceProfile []
[2020.06.05-06.13.57:101][  0]LogConfig: Applying CVar settings from Section [ViewDistanceQuality@3] File [D:/Projects/RTX_Render/Saved/Config/Windows/Scalability.ini]
[2020.06.05-06.13.57:101][  0]LogConfig: Setting CVar [[r.SkeletalMeshLODBias:0]]
[2020.06.05-06.13.57:101][  0]LogConfig: Setting CVar [[r.ViewDistanceScale:1.0]]
[2020.06.05-06.13.57:101][  0]LogConfig: Applying CVar settings from Section [AntiAliasingQuality@3] File [D:/Projects/RTX_Render/Saved/Config/Windows/Scalability.ini]
[2020.06.05-06.13.57:101][  0]LogConfig: Setting CVar [[r.PostProcessAAQuality:4]]
[2020.06.05-06.13.57:101][  0]LogConfig: Applying CVar settings from Section [ShadowQuality@3] File [D:/Projects/RTX_Render/Saved/Config/Windows/Scalability.ini]
[2020.06.05-06.13.57:101][  0]LogConfig: Setting CVar [[r.LightFunctionQuality:1]]
[2020.06.05-06.13.57:101][  0]LogConfig: Setting CVar [[r.ShadowQuality:5]]
[2020.06.05-06.13.57:101][  0]LogConfig: Setting CVar [[r.Shadow.CSM.MaxCascades:10]]
[2020.06.05-06.13.57:101][  0]LogConfig: Setting CVar [[r.Shadow.MaxResolution:2048]]
[2020.06.05-06.13.57:101][  0]LogConfig: Setting CVar [[r.Shadow.MaxCSMResolution:2048]]
[2020.06.05-06.13.57:102][  0]LogConfig: Setting CVar [[r.Shadow.RadiusThreshold:0.01]]
[2020.06.05-06.13.57:102][  0]LogConfig: Setting CVar [[r.Shadow.DistanceScale:1.0]]
[2020.06.05-06.13.57:102][  0]LogConfig: Setting CVar [[r.Shadow.CSM.TransitionScale:1.0]]
[2020.06.05-06.13.57:102][  0]LogConfig: Setting CVar [[r.Shadow.PreShadowResolutionFactor:1.0]]
[2020.06.05-06.13.57:102][  0]LogConfig: Setting CVar [[r.DistanceFieldShadowing:1]]
[2020.06.05-06.13.57:102][  0]LogConfig: Setting CVar [[r.DistanceFieldAO:1]]
[2020.06.05-06.13.57:102][  0]LogConfig: Setting CVar [[r.AOQuality:2]]
[2020.06.05-06.13.57:102][  0]LogConfig: Setting CVar [[r.VolumetricFog:1]]
[2020.06.05-06.13.57:102][  0]LogConfig: Setting CVar [[r.VolumetricFog.GridPixelSize:8]]
[2020.06.05-06.13.57:102][  0]LogConfig: Setting CVar [[r.VolumetricFog.GridSizeZ:128]]
[2020.06.05-06.13.57:102][  0]LogConfig: Setting CVar [[r.VolumetricFog.HistoryMissSupersampleCount:4]]
[2020.06.05-06.13.57:102][  0]LogConfig: Setting CVar [[r.LightMaxDrawDistanceScale:1]]
[2020.06.05-06.13.57:102][  0]LogConfig: Setting CVar [[r.CapsuleShadows:1]]
[2020.06.05-06.13.57:103][  0]LogConfig: Applying CVar settings from Section [PostProcessQuality@3] File [D:/Projects/RTX_Render/Saved/Config/Windows/Scalability.ini]
[2020.06.05-06.13.57:103][  0]LogConfig: Setting CVar [[r.MotionBlurQuality:4]]
[2020.06.05-06.13.57:103][  0]LogConfig: Setting CVar [[r.AmbientOcclusionMipLevelFactor:0.4]]
[2020.06.05-06.13.57:103][  0]LogConfig: Setting CVar [[r.AmbientOcclusionMaxQuality:100]]
[2020.06.05-06.13.57:103][  0]LogConfig: Setting CVar [[r.AmbientOcclusionLevels:-1]]
[2020.06.05-06.13.57:103][  0]LogConfig: Setting CVar [[r.AmbientOcclusionRadiusScale:1.0]]
[2020.06.05-06.13.57:103][  0]LogConfig: Setting CVar [[r.DepthOfFieldQuality:2]]
[2020.06.05-06.13.57:103][  0]LogConfig: Setting CVar [[r.RenderTargetPoolMin:400]]
[2020.06.05-06.13.57:103][  0]LogConfig: Setting CVar [[r.LensFlareQuality:2]]
[2020.06.05-06.13.57:103][  0]LogConfig: Setting CVar [[r.SceneColorFringeQuality:1]]
[2020.06.05-06.13.57:103][  0]LogConfig: Setting CVar [[r.EyeAdaptationQuality:2]]
[2020.06.05-06.13.57:103][  0]LogConfig: Setting CVar [[r.BloomQuality:5]]
[2020.06.05-06.13.57:103][  0]LogConfig: Setting CVar [[r.FastBlurThreshold:100]]
[2020.06.05-06.13.57:104][  0]LogConfig: Setting CVar [[r.Upscale.Quality:3]]
[2020.06.05-06.13.57:104][  0]LogConfig: Setting CVar [[r.Tonemapper.GrainQuantization:1]]
[2020.06.05-06.13.57:104][  0]LogConfig: Setting CVar [[r.LightShaftQuality:1]]
[2020.06.05-06.13.57:104][  0]LogConfig: Setting CVar [[r.Filter.SizeScale:1]]
[2020.06.05-06.13.57:104][  0]LogConfig: Setting CVar [[r.Tonemapper.Quality:5]]
[2020.06.05-06.13.57:104][  0]LogConfig: Setting CVar [[r.DOF.Gather.AccumulatorQuality:1        ; higher gathering accumulator quality]]
[2020.06.05-06.13.57:104][  0]LogConfig: Setting CVar [[r.DOF.Gather.PostfilterMethod:1          ; Median3x3 postfilering method]]
[2020.06.05-06.13.57:104][  0]LogConfig: Setting CVar [[r.DOF.Gather.EnableBokehSettings:0       ; no bokeh simulation when gathering]]
[2020.06.05-06.13.57:104][  0]LogConfig: Setting CVar [[r.DOF.Gather.RingCount:4                 ; medium number of samples when gathering]]
[2020.06.05-06.13.57:104][  0]LogConfig: Setting CVar [[r.DOF.Scatter.ForegroundCompositing:1    ; additive foreground scattering]]
[2020.06.05-06.13.57:104][  0]LogConfig: Setting CVar [[r.DOF.Scatter.BackgroundCompositing:2    ; additive background scattering]]
[2020.06.05-06.13.57:104][  0]LogConfig: Setting CVar [[r.DOF.Scatter.EnableBokehSettings:1      ; bokeh simulation when scattering]]
[2020.06.05-06.13.57:104][  0]LogConfig: Setting CVar [[r.DOF.Scatter.MaxSpriteRatio:0.1         ; only a maximum of 10% of scattered bokeh]]
[2020.06.05-06.13.57:105][  0]LogConfig: Setting CVar [[r.DOF.Recombine.Quality:1                ; cheap slight out of focus]]
[2020.06.05-06.13.57:105][  0]LogConfig: Setting CVar [[r.DOF.Recombine.EnableBokehSettings:0    ; no bokeh simulation on slight out of focus]]
[2020.06.05-06.13.57:105][  0]LogConfig: Setting CVar [[r.DOF.TemporalAAQuality:1                ; more stable temporal accumulation]]
[2020.06.05-06.13.57:105][  0]LogConfig: Setting CVar [[r.DOF.Kernel.MaxForegroundRadius:0.025]]
[2020.06.05-06.13.57:105][  0]LogConfig: Setting CVar [[r.DOF.Kernel.MaxBackgroundRadius:0.025]]
[2020.06.05-06.13.57:105][  0]LogConfig: Applying CVar settings from Section [TextureQuality@3] File [D:/Projects/RTX_Render/Saved/Config/Windows/Scalability.ini]
[2020.06.05-06.13.57:105][  0]LogConfig: Setting CVar [[r.Streaming.MipBias:0]]
[2020.06.05-06.13.57:105][  0]LogConfig: Setting CVar [[r.Streaming.AmortizeCPUToGPUCopy:0]]
[2020.06.05-06.13.57:105][  0]LogConfig: Setting CVar [[r.Streaming.MaxNumTexturesToStreamPerFrame:0]]
[2020.06.05-06.13.57:105][  0]LogConfig: Setting CVar [[r.Streaming.Boost:1]]
[2020.06.05-06.13.57:105][  0]LogConfig: Setting CVar [[r.MaxAnisotropy:8]]
[2020.06.05-06.13.57:105][  0]LogConfig: Setting CVar [[r.VT.MaxAnisotropy:8]]
[2020.06.05-06.13.57:106][  0]LogConfig: Setting CVar [[r.Streaming.LimitPoolSizeToVRAM:0]]
[2020.06.05-06.13.57:106][  0]LogConfig: Setting CVar [[r.Streaming.PoolSize:1000]]
[2020.06.05-06.13.57:106][  0]LogConfig: Setting CVar [[r.Streaming.MaxEffectiveScreenSize:0]]
[2020.06.05-06.13.57:106][  0]LogConfig: Applying CVar settings from Section [EffectsQuality@3] File [D:/Projects/RTX_Render/Saved/Config/Windows/Scalability.ini]
[2020.06.05-06.13.57:106][  0]LogConfig: Setting CVar [[r.TranslucencyLightingVolumeDim:64]]
[2020.06.05-06.13.57:106][  0]LogConfig: Setting CVar [[r.RefractionQuality:2]]
[2020.06.05-06.13.57:106][  0]LogConfig: Setting CVar [[r.SSR.Quality:3]]
[2020.06.05-06.13.57:106][  0]LogConfig: Setting CVar [[r.SSR.HalfResSceneColor:0]]
[2020.06.05-06.13.57:106][  0]LogConfig: Setting CVar [[r.SceneColorFormat:4]]
[2020.06.05-06.13.57:106][  0]LogConfig: Setting CVar [[r.DetailMode:2]]
[2020.06.05-06.13.57:107][  0]LogConfig: Setting CVar [[r.TranslucencyVolumeBlur:1]]
[2020.06.05-06.13.57:107][  0]LogConfig: Setting CVar [[r.MaterialQualityLevel:1 ; High quality]]
[2020.06.05-06.13.57:107][  0]LogConfig: Setting CVar [[r.SSS.Scale:1]]
[2020.06.05-06.13.57:107][  0]LogConfig: Setting CVar [[r.SSS.SampleSet:2]]
[2020.06.05-06.13.57:107][  0]LogConfig: Setting CVar [[r.SSS.Quality:1]]
[2020.06.05-06.13.57:107][  0]LogConfig: Setting CVar [[r.SSS.HalfRes:0]]
[2020.06.05-06.13.57:107][  0]LogConfig: Setting CVar [[r.SSGI.Quality:3]]
[2020.06.05-06.13.57:107][  0]LogConfig: Setting CVar [[r.EmitterSpawnRateScale:1.0]]
[2020.06.05-06.13.57:107][  0]LogConfig: Setting CVar [[r.ParticleLightQuality:2]]
[2020.06.05-06.13.57:107][  0]LogConfig: Setting CVar [[r.SkyAtmosphere.AerialPerspectiveLUT.FastApplyOnOpaque:1 ; Always have FastSkyLUT 1 in this case to avoid wrong sky]]
[2020.06.05-06.13.57:107][  0]LogConfig: Setting CVar [[r.SkyAtmosphere.AerialPerspectiveLUT.SampleCountPerSlice:1]]
[2020.06.05-06.13.57:108][  0]LogConfig: Setting CVar [[r.SkyAtmosphere.AerialPerspectiveLUT.DepthResolution:16.0]]
[2020.06.05-06.13.57:108][  0]LogConfig: Setting CVar [[r.SkyAtmosphere.FastSkyLUT:1]]
[2020.06.05-06.13.57:108][  0]LogConfig: Setting CVar [[r.SkyAtmosphere.FastSkyLUT.SampleCountMin:4.0]]
[2020.06.05-06.13.57:108][  0]LogConfig: Setting CVar [[r.SkyAtmosphere.FastSkyLUT.SampleCountMax:32.0]]
[2020.06.05-06.13.57:108][  0]LogConfig: Setting CVar [[r.SkyAtmosphere.SampleCountMin:4.0]]
[2020.06.05-06.13.57:108][  0]LogConfig: Setting CVar [[r.SkyAtmosphere.SampleCountMax:32.0]]
[2020.06.05-06.13.57:108][  0]LogConfig: Setting CVar [[r.SkyAtmosphere.TransmittanceLUT.UseSmallFormat:0]]
[2020.06.05-06.13.57:108][  0]LogConfig: Setting CVar [[r.SkyAtmosphere.TransmittanceLUT.SampleCount:10.0]]
[2020.06.05-06.13.57:108][  0]LogConfig: Setting CVar [[r.SkyAtmosphere.MultiScatteringLUT.SampleCount:15.0]]
[2020.06.05-06.13.57:108][  0]LogConfig: Applying CVar settings from Section [FoliageQuality@3] File [D:/Projects/RTX_Render/Saved/Config/Windows/Scalability.ini]
[2020.06.05-06.13.57:108][  0]LogConfig: Setting CVar [[foliage.DensityScale:1.0]]
[2020.06.05-06.13.57:108][  0]LogConfig: Setting CVar [[grass.DensityScale:1.0]]
[2020.06.05-06.13.57:108][  0]LogConfig: Applying CVar settings from Section [ShadingQuality@3] File [D:/Projects/RTX_Render/Saved/Config/Windows/Scalability.ini]
[2020.06.05-06.13.57:108][  0]LogConfig: Setting CVar [[r.HairStrands.SkyLighting.SampleCount:16]]
[2020.06.05-06.13.57:109][  0]LogConfig: Setting CVar [[r.HairStrands.SkyLighting.JitterIntegration:0]]
[2020.06.05-06.13.57:109][  0]LogConfig: Setting CVar [[r.HairStrands.SkyAO.SampleCount:16]]
[2020.06.05-06.13.57:109][  0]LogConfig: Setting CVar [[r.HairStrands.DeepShadow.SuperSampling:0]]
[2020.06.05-06.13.57:109][  0]LogConfig: Setting CVar [[r.HairStrands.VisibilityPPLL:0]]
[2020.06.05-06.13.57:109][  0]LogConfig: Setting CVar [[r.HairStrands.RasterizationScale:0.5]]
[2020.06.05-06.13.57:109][  0]LogConfig: Setting CVar [[r.HairStrands.VelocityRasterizationScale:1]]
[2020.06.05-06.13.57:109][  0]LogConfig: Applying CVar settings from Section [Startup] File [../../../Engine/Config/ConsoleVariables.ini]
[2020.06.05-06.13.57:110][  0]LogConfig: Setting CVar [[net.UseAdaptiveNetUpdateFrequency:0]]
[2020.06.05-06.13.57:110][  0]LogConfig: Setting CVar [[p.chaos.AllowCreatePhysxBodies:1]]
[2020.06.05-06.13.57:110][  0]LogConfig: Setting CVar [[fx.SkipVectorVMBackendOptimizations:1]]
[2020.06.05-06.13.57:110][  0]LogConfig: Applying CVar settings from Section [ConsoleVariables] File [D:/Projects/RTX_Render/Saved/Config/Windows/Engine.ini]
[2020.06.05-06.13.57:148][  0]LogInit: Computer: -PC28
[2020.06.05-06.13.57:148][  0]LogInit: User: zhouchao
[2020.06.05-06.13.57:148][  0]LogInit: CPU Page size=4096, Cores=4
[2020.06.05-06.13.57:148][  0]LogInit: High frequency timer resolution =10.000000 MHz
[2020.06.05-06.13.57:148][  0]LogMemory: Memory total: Physical=16.0GB (16GB approx)
[2020.06.05-06.13.57:148][  0]LogMemory: Platform Memory Stats for Windows
[2020.06.05-06.13.57:148][  0]LogMemory: Process Physical Memory: 112.48 MB used, 112.48 MB peak
[2020.06.05-06.13.57:148][  0]LogMemory: Process Virtual Memory: 101.50 MB used, 101.50 MB peak
[2020.06.05-06.13.57:148][  0]LogMemory: Physical Memory: 5952.80 MB used,  10382.13 MB free, 16334.93 MB total
[2020.06.05-06.13.57:148][  0]LogMemory: Virtual Memory: 5183.18 MB used,  134212544.00 MB free, 134217728.00 MB total
[2020.06.05-06.13.57:203][  0]LogWindows: WindowsPlatformFeatures enabled
[2020.06.05-06.13.58:736][  0]LogInit: Physics initialised using underlying interface: PhysX
[2020.06.05-06.13.58:805][  0]LogInit: Using OS detected language (zh-CN).
[2020.06.05-06.13.58:806][  0]LogInit: Using OS detected locale (zh-CN).
[2020.06.05-06.13.59:154][  0]LogTextLocalizationManager: No specific localization for 'zh-CN' exists, so the 'zh-Hans' localization will be used.
[2020.06.05-06.13.59:638][  0]LogTextLocalizationResource: LocRes '../../../Engine/Content/Localization/Editor/zh/Editor.locres' could not be opened for reading!
[2020.06.05-06.13.59:638][  0]LogTextLocalizationResource: LocRes '../../../Engine/Content/Localization/EditorTutorials/zh/EditorTutorials.locres' could not be opened for reading!
[2020.06.05-06.13.59:639][  0]LogTextLocalizationResource: LocRes '../../../Engine/Content/Localization/Keywords/zh/Keywords.locres' could not be opened for reading!
[2020.06.05-06.13.59:640][  0]LogTextLocalizationResource: LocRes '../../../Engine/Content/Localization/Category/zh/Category.locres' could not be opened for reading!
[2020.06.05-06.13.59:640][  0]LogTextLocalizationResource: LocRes '../../../Engine/Content/Localization/ToolTips/zh/ToolTips.locres' could not be opened for reading!
[2020.06.05-06.13.59:641][  0]LogTextLocalizationResource: LocRes '../../../Engine/Content/Localization/PropertyNames/zh/PropertyNames.locres' could not be opened for reading!
[2020.06.05-06.13.59:641][  0]LogTextLocalizationResource: LocRes '../../../Engine/Content/Localization/Engine/zh/Engine.locres' could not be opened for reading!
[2020.06.05-06.13.59:642][  0]LogTextLocalizationResource: LocRes '../../../Engine/Plugins/Online/Android/OnlineSubsystemGooglePlay/Content/Localization/OnlineSubsystemGooglePlay/zh/OnlineSubsystemGooglePlay.locres' could not be opened for reading!
[2020.06.05-06.13.59:643][  0]LogTextLocalizationResource: LocRes '../../../Engine/Plugins/Online/IOS/OnlineSubsystemIOS/Content/Localization/OnlineSubsystemIOS/zh/OnlineSubsystemIOS.locres' could not be opened for reading!
[2020.06.05-06.13.59:644][  0]LogTextLocalizationResource: LocRes '../../../Engine/Plugins/Online/OnlineSubsystem/Content/Localization/OnlineSubsystem/zh/OnlineSubsystem.locres' could not be opened for reading!
[2020.06.05-06.13.59:644][  0]LogTextLocalizationResource: LocRes '../../../Engine/Plugins/Online/OnlineSubsystemUtils/Content/Localization/OnlineSubsystemUtils/zh/OnlineSubsystemUtils.locres' could not be opened for reading!
[2020.06.05-06.13.59:715][  0]LogInit: Setting process to per monitor DPI aware
[2020.06.05-06.14.00:636][  0]LogSlate: New Slate User Created.  User Index 0, Is Virtual User: 0
[2020.06.05-06.14.00:636][  0]LogSlate: Slate User Registered.  User Index 0, Is Virtual User: 0
[2020.06.05-06.14.02:851][  0]LogD3D12RHI: Aftermath initialized
[2020.06.05-06.14.02:852][  0]LogD3D12RHI: Loading WinPixEventRuntime.dll for PIX profiling (from ../../../Engine/Binaries/ThirdParty/Windows/WinPixEventRuntime/x64).
[2020.06.05-06.14.02:941][  0]LogHMD: Failed to initialize OpenVR with code 110
[2020.06.05-06.14.03:241][  0]LogD3D12RHI: Found D3D12 adapter 0: NVIDIA GeForce RTX 2080 Ti (Max supported Feature Level 12_1)
[2020.06.05-06.14.03:241][  0]LogD3D12RHI: Adapter has 11048MB of dedicated video memory, 0MB of dedicated system memory, and 8167MB of shared system memory, 2 output[s]
[2020.06.05-06.14.03:271][  0]LogD3D12RHI: Found D3D12 adapter 1: Microsoft Basic Render Driver (Max supported Feature Level 12_1)
[2020.06.05-06.14.03:272][  0]LogD3D12RHI: Adapter has 0MB of dedicated video memory, 0MB of dedicated system memory, and 8167MB of shared system memory, 0 output[s]
[2020.06.05-06.14.03:272][  0]LogD3D12RHI: Forcing D3D12.AsyncDeferredDeletion=0 as a workaround for a deadlock.
[2020.06.05-06.14.03:283][  0]LogD3D12RHI: Chosen D3D12 Adapter Id = 0
[2020.06.05-06.14.03:292][  0]LogD3D12RHI: Emitting draw events for PIX profiling.
[2020.06.05-06.14.03:387][  0]LogD3D12RHI: D3D12 ray tracing enabled.
[2020.06.05-06.14.03:387][  0]LogD3D12RHI: The system supports ID3D12Device1.
[2020.06.05-06.14.03:387][  0]LogD3D12RHI: The system supports ID3D12Device2.
[2020.06.05-06.14.03:493][  0]LogD3D12RHI: [GPUBreadCrumb] Successfully setup breadcrumb resource for 3D Queue 0
[2020.06.05-06.14.03:503][  0]LogD3D12RHI: [GPUBreadCrumb] Successfully setup breadcrumb resource for Copy Queue 0
[2020.06.05-06.14.03:518][  0]LogD3D12RHI: [GPUBreadCrumb] Successfully setup breadcrumb resource for Compute Queue 0
[2020.06.05-06.14.03:535][  0]LogD3D12RHI: Display: Not using pipeline state disk cache per r.D3D12.PSO.DiskCache=0
[2020.06.05-06.14.03:535][  0]LogD3D12RHI: Display: Not using driver-optimized pipeline state disk cache per r.D3D12.PSO.DriverOptimizedDiskCache=0
[2020.06.05-06.14.03:539][  0]LogD3D12RHI:     GPU DeviceId: 0x1e04 (for the marketing name, search the web for "GPU Device Id")
[2020.06.05-06.14.03:540][  0]LogWindows: EnumDisplayDevices:
[2020.06.05-06.14.03:540][  0]LogWindows:    0. 'NVIDIA GeForce RTX 2080 Ti' (P:0 D:1)
[2020.06.05-06.14.03:540][  0]LogWindows:    1. 'NVIDIA GeForce RTX 2080 Ti' (P:1 D:1)
[2020.06.05-06.14.03:541][  0]LogWindows:    2. 'NVIDIA GeForce RTX 2080 Ti' (P:0 D:0)
[2020.06.05-06.14.03:542][  0]LogWindows:    3. 'NVIDIA GeForce RTX 2080 Ti' (P:0 D:0)
[2020.06.05-06.14.03:543][  0]LogWindows: DebugString: FoundDriverCount:4 
[2020.06.05-06.14.03:543][  0]LogD3D12RHI:     Adapter Name: NVIDIA GeForce RTX 2080 Ti
[2020.06.05-06.14.03:543][  0]LogD3D12RHI:   Driver Version: 445.87 (internal:26.21.14.4587, unified:445.87)
[2020.06.05-06.14.03:543][  0]LogD3D12RHI:      Driver Date: 4-3-2020
[2020.06.05-06.14.03:544][  0]LogRHI: Texture pool is 5916 MB (70% of 8451 MB)
[2020.06.05-06.14.03:544][  0]LogD3D12RHI: Async texture creation enabled
[2020.06.05-06.14.03:544][  0]LogD3D12RHI: RHI has support for 64 bit atomics
[2020.06.05-06.14.05:071][  0]LogTargetPlatformManager: Display: Loaded TargetPlatform 'AllDesktop'
[2020.06.05-06.14.05:232][  0]LogTargetPlatformManager: Display: Loaded TargetPlatform 'Android'
[2020.06.05-06.14.05:232][  0]LogTargetPlatformManager: Display: Loaded TargetPlatform 'Android_ASTC'
[2020.06.05-06.14.05:233][  0]LogTargetPlatformManager: Display: Loaded TargetPlatform 'Android_DXT'
[2020.06.05-06.14.05:233][  0]LogTargetPlatformManager: Display: Loaded TargetPlatform 'Android_ETC2'
[2020.06.05-06.14.05:233][  0]LogTargetPlatformManager: Display: Loaded TargetPlatform 'AndroidClient'
[2020.06.05-06.14.05:233][  0]LogTargetPlatformManager: Display: Loaded TargetPlatform 'Android_ASTCClient'
[2020.06.05-06.14.05:233][  0]LogTargetPlatformManager: Display: Loaded TargetPlatform 'Android_DXTClient'
[2020.06.05-06.14.05:234][  0]LogTargetPlatformManager: Display: Loaded TargetPlatform 'Android_ETC2Client'
[2020.06.05-06.14.05:234][  0]LogTargetPlatformManager: Display: Loaded TargetPlatform 'Android_Multi'
[2020.06.05-06.14.05:234][  0]LogTargetPlatformManager: Display: Loaded TargetPlatform 'Android_MultiClient'
[2020.06.05-06.14.05:635][  0]LogTargetPlatformManager: Display: Loaded TargetPlatform 'IOSClient'
[2020.06.05-06.14.05:635][  0]LogTargetPlatformManager: Display: Loaded TargetPlatform 'IOS'
[2020.06.05-06.14.05:780][  0]LogTargetPlatformManager: Display: Loaded TargetPlatform 'Lumin'
[2020.06.05-06.14.05:780][  0]LogTargetPlatformManager: Display: Loaded TargetPlatform 'LuminClient'
[2020.06.05-06.14.05:905][  0]LogTargetPlatformManager: Display: Loaded TargetPlatform 'TVOSClient'
[2020.06.05-06.14.05:905][  0]LogTargetPlatformManager: Display: Loaded TargetPlatform 'TVOS'
[2020.06.05-06.14.06:079][  0]LogTargetPlatformManager: Display: Loaded TargetPlatform 'WindowsNoEditor'
[2020.06.05-06.14.06:220][  0]LogTargetPlatformManager: Display: Loaded TargetPlatform 'Windows'
[2020.06.05-06.14.06:378][  0]LogTargetPlatformManager: Display: Loaded TargetPlatform 'WindowsClient'
[2020.06.05-06.14.06:495][  0]LogTargetPlatformManager: Display: Loaded TargetPlatform 'WindowsServer'
[2020.06.05-06.14.06:650][  0]LogTargetPlatformManager: Display: Loaded TargetPlatform 'XXX'
[2020.06.05-06.14.06:651][  0]LogTargetPlatformManager: Display: Building Assets For Windows
[2020.06.05-06.14.07:015][  0]LogAudioDebug: Display: Lib vorbis DLL was dynamically loaded.
[2020.06.05-06.14.09:106][  0]LogShaderCompilers: Guid format shader working directory is 15 characters bigger than the processId version (../../../../../Projects/RTX_Render/Intermediate/Shaders/WorkingDirectory/3928/).
[2020.06.05-06.14.09:109][  0]LogShaderCompilers: Cleaned the shader compiler working directory 'C:/Users/zhouchao/AppData/Local/Temp/UnrealShaderWorkingDir/BDC2EF9047C3DD903F4B759417B02794/'.
[2020.06.05-06.14.09:120][  0]LogXGEController: Cleaning working directory: C:/Users/zhouchao/AppData/Local/Temp/UnrealXGEWorkingDir/
[2020.06.05-06.14.09:124][  0]LogXGEController: Cannot use XGE Controller as Incredibuild is not installed on this machine.
[2020.06.05-06.14.09:124][  0]LogShaderCompilers: Cannot use XGE Shader Compiler as Incredibuild is not installed on this machine.
[2020.06.05-06.14.09:124][  0]LogShaderCompilers: Display: Using Local Shader Compiler.
[2020.06.05-06.14.10:573][  0]LogDerivedDataCache: Display: Max Cache Size: 512 MB
[2020.06.05-06.14.10:574][  0]LogDerivedDataCache: Display: Starting with empty Boot cache
[2020.06.05-06.14.10:575][  0]LogDerivedDataCache: FDerivedDataBackendGraph:  Pak pak cache file ../../../../../Projects/RTX_Render/DerivedDataCache/DDC.ddp not found, will not use a pak cache.
[2020.06.05-06.14.10:577][  0]LogDerivedDataCache: Unable to find inner node Pak for hierarchical cache Hierarchy.
[2020.06.05-06.14.10:578][  0]LogDerivedDataCache: FDerivedDataBackendGraph:  EnginePak pak cache file ../../../Engine/DerivedDataCache/DDC.ddp not found, will not use a pak cache.
[2020.06.05-06.14.10:578][  0]LogDerivedDataCache: Unable to find inner node EnginePak for hierarchical cache Hierarchy.
[2020.06.05-06.14.10:606][  0]LogDerivedDataCache: Using Local data cache path ../../../Engine/DerivedDataCache: Writable
[2020.06.05-06.14.10:606][  0]LogDerivedDataCache: Shared data cache path not found in *engine.ini, will not use an Shared cache.
[2020.06.05-06.14.10:607][  0]LogDerivedDataCache: Unable to find inner node Shared for hierarchical cache Hierarchy.
[2020.06.05-06.14.12:503][  0]LogShaderCompilers: Display: Worker (1/5): shaders left to compile 3126
[2020.06.05-06.14.12:503][  0]LogShaderCompilers: Display: Worker (2/5): shaders left to compile 3125
[2020.06.05-06.14.12:503][  0]LogShaderCompilers: Display: Worker (3/5): shaders left to compile 3124
[2020.06.05-06.14.12:504][  0]LogShaderCompilers: Display: Worker (4/5): shaders left to compile 3123
[2020.06.05-06.14.12:504][  0]LogShaderCompilers: Display: Worker (5/5): shaders left to compile 3122
[2020.06.05-06.14.12:504][  0]LogSlate: Using FreeType 2.10.0
[2020.06.05-06.14.12:637][  0]LogSlate: SlateFontServices - WITH_FREETYPE: 1, WITH_HARFBUZZ: 1
[2020.06.05-06.14.15:066][  0]LogAssetRegistry: FAssetRegistry took 0.0683 seconds to start up
[2020.06.05-06.14.24:368][  0]LogShaderCompilers: Display: Worker (4/5): shaders left to compile 3121
[2020.06.05-06.14.24:368][  0]LogShaderCompilers: Display: Worker (1/5): shaders left to compile 3120
[2020.06.05-06.14.24:369][  0]LogShaderCompilers: Display: Worker (2/5): shaders left to compile 3119
[2020.06.05-06.14.24:369][  0]LogShaderCompilers: Display: Worker (3/5): shaders left to compile 3118
[2020.06.05-06.14.24:369][  0]LogShaderCompilers: Display: Worker (5/5): shaders left to compile 3117
[2020.06.05-06.14.24:369][  0]LogShaderCompilers: Display: Worker (4/5): shaders left to compile 3116
[2020.06.05-06.14.24:369][  0]LogShaderCompilers: Display: Worker (2/5): shaders left to compile 3115
[2020.06.05-06.14.24:369][  0]LogShaderCompilers: Display: Worker (5/5): shaders left to compile 3114
[2020.06.05-06.14.24:369][  0]LogShaderCompilers: Display: Worker (3/5): shaders left to compile 3113
[2020.06.05-06.14.24:369][  0]LogShaderCompilers: Display: Worker (1/5): shaders left to compile 3112
[2020.06.05-06.14.24:369][  0]LogShaderCompilers: Display: Worker (4/5): shaders left to compile 3111
[2020.06.05-06.14.24:369][  0]LogShaderCompilers: Display: Worker (5/5): shaders left to compile 3110
[2020.06.05-06.14.24:369][  0]LogShaderCompilers: Display: Worker (4/5): shaders left to compile 3109
[2020.06.05-06.14.24:369][  0]LogShaderCompilers: Display: Worker (1/5): shaders left to compile 3108
[2020.06.05-06.14.24:370][  0]LogShaderCompilers: Display: Worker (3/5): shaders left to compile 3107
[2020.06.05-06.14.24:370][  0]LogShaderCompilers: Display: Worker (2/5): shaders left to compile 3106
[2020.06.05-06.14.24:370][  0]LogShaderCompilers: Display: Worker (5/5): shaders left to compile 3105
[2020.06.05-06.14.24:370][  0]LogShaderCompilers: Display: Worker (4/5): shaders left to compile 3104
[2020.06.05-06.14.24:370][  0]LogShaderCompilers: Display: Worker (1/5): shaders left to compile 3103
[2020.06.05-06.14.24:370][  0]LogShaderCompilers: Display: Worker (3/5): shaders left to compile 3102
[2020.06.05-06.14.24:370][  0]LogShaderCompilers: Display: Worker (2/5): shaders left to compile 3101
[2020.06.05-06.14.24:370][  0]LogShaderCompilers: Display: Worker (5/5): shaders left to compile 3100
[2020.06.05-06.14.24:370][  0]LogShaderCompilers: Display: Worker (4/5): shaders left to compile 3099
[2020.06.05-06.14.24:370][  0]LogShaderCompilers: Display: Worker (1/5): shaders left to compile 3098
[2020.06.05-06.14.24:370][  0]LogShaderCompilers: Display: Worker (3/5): shaders left to compile 3097
[2020.06.05-06.14.24:370][  0]LogShaderCompilers: Display: Worker (2/5): shaders left to compile 3096
[2020.06.05-06.14.24:371][  0]LogShaderCompilers: Display: Worker (5/5): shaders left to compile 3095
[2020.06.05-06.14.24:371][  0]LogShaderCompilers: Display: Worker (4/5): shaders left to compile 3094
[2020.06.05-06.14.24:371][  0]LogShaderCompilers: Display: Worker (1/5): shaders left to compile 3093
[2020.06.05-06.14.24:371][  0]LogShaderCompilers: Display: Worker (3/5): shaders left to compile 3092
[2020.06.05-06.14.24:371][  0]LogShaderCompilers: Display: Worker (2/5): shaders left to compile 3091
[2020.06.05-06.14.24:371][  0]LogShaderCompilers: Display: Worker (4/5): shaders left to compile 3090
[2020.06.05-06.14.24:371][  0]LogShaderCompilers: Display: Worker (5/5): shaders left to compile 3089
[2020.06.05-06.14.24:371][  0]LogShaderCompilers: Display: Worker (3/5): shaders left to compile 3088
[2020.06.05-06.14.24:371][  0]LogShaderCompilers: Display: Worker (2/5): shaders left to compile 3087
[2020.06.05-06.14.24:372][  0]LogShaderCompilers: Display: Worker (1/5): shaders left to compile 3086
[2020.06.05-06.14.24:372][  0]LogShaderCompilers: Display: Worker (4/5): shaders left to compile 3085
[2020.06.05-06.14.24:372][  0]LogShaderCompilers: Display: Worker (5/5): shaders left to compile 3084
[2020.06.05-06.14.24:372][  0]LogShaderCompilers: Display: Worker (1/5): shaders left to compile 3083
[2020.06.05-06.14.24:372][  0]LogShaderCompilers: Display: Worker (2/5): shaders left to compile 3082
[2020.06.05-06.14.24:372][  0]LogShaderCompilers: Display: Worker (5/5): shaders left to compile 3081
[2020.06.05-06.14.24:372][  0]LogShaderCompilers: Display: Worker (4/5): shaders left to compile 3080
[2020.06.05-06.14.24:372][  0]LogShaderCompilers: Display: Worker (2/5): shaders left to compile 3079
[2020.06.05-06.14.24:372][  0]LogShaderCompilers: Display: Worker (1/5): shaders left to compile 3078
[2020.06.05-06.14.24:372][  0]LogShaderCompilers: Display: Worker (5/5): shaders left to compile 3077
[2020.06.05-06.14.24:373][  0]LogShaderCompilers: Display: Worker (4/5): shaders left to compile 3076
[2020.06.05-06.14.24:373][  0]LogShaderCompilers: Display: Worker (2/5): shaders left to compile 3075
[2020.06.05-06.14.24:373][  0]LogShaderCompilers: Display: Worker (1/5): shaders left to compile 3074
[2020.06.05-06.14.24:373][  0]LogShaderCompilers: Display: Worker (5/5): shaders left to compile 3073
[2020.06.05-06.14.24:373][  0]LogShaderCompilers: Display: Worker (4/5): shaders left to compile 3072
[2020.06.05-06.14.24:373][  0]LogShaderCompilers: Display: Worker (2/5): shaders left to compile 3071
[2020.06.05-06.14.24:373][  0]LogShaderCompilers: Display: Worker (3/5): shaders left to compile 3070
[2020.06.05-06.14.24:373][  0]LogShaderCompilers: Display: Worker (1/5): shaders left to compile 3069
[2020.06.05-06.14.24:373][  0]LogShaderCompilers: Display: Worker (5/5): shaders left to compile 3068
[2020.06.05-06.14.24:373][  0]LogShaderCompilers: Display: Worker (4/5): shaders left to compile 3067
[2020.06.05-06.14.24:374][  0]LogShaderCompilers: Display: Worker (2/5): shaders left to compile 3066
[2020.06.05-06.14.24:374][  0]LogShaderCompilers: Display: Worker (3/5): shaders left to compile 3065
[2020.06.05-06.14.24:374][  0]LogShaderCompilers: Display: Worker (1/5): shaders left to compile 3064
[2020.06.05-06.14.24:374][  0]LogShaderCompilers: Display: Worker (2/5): shaders left to compile 3063
[2020.06.05-06.14.24:374][  0]LogShaderCompilers: Display: Worker (3/5): shaders left to compile 3062
[2020.06.05-06.14.24:374][  0]LogShaderCompilers: Display: Worker (5/5): shaders left to compile 3061
[2020.06.05-06.14.24:374][  0]LogShaderCompilers: Display: Worker (4/5): shaders left to compile 3060
[2020.06.05-06.14.24:374][  0]LogShaderCompilers: Display: Worker (1/5): shaders left to compile 3059
[2020.06.05-06.14.24:374][  0]LogShaderCompilers: Display: Worker (2/5): shaders left to compile 3058
[2020.06.05-06.14.24:374][  0]LogShaderCompilers: Display: Worker (3/5): shaders left to compile 3057
[2020.06.05-06.14.24:374][  0]LogShaderCompilers: Display: Worker (5/5): shaders left to compile 3056
[2020.06.05-06.14.24:374][  0]LogShaderCompilers: Display: Worker (4/5): shaders left to compile 3055
[2020.06.05-06.14.24:375][  0]LogShaderCompilers: Display: Worker (1/5): shaders left to compile 3054
[2020.06.05-06.14.24:375][  0]LogShaderCompilers: Display: Worker (2/5): shaders left to compile 3053
[2020.06.05-06.14.24:375][  0]LogShaderCompilers: Display: Worker (3/5): shaders left to compile 3052
[2020.06.05-06.14.24:375][  0]LogShaderCompilers: Display: Worker (5/5): shaders left to compile 3051
[2020.06.05-06.14.24:375][  0]LogShaderCompilers: Display: Worker (4/5): shaders left to compile 3050
[2020.06.05-06.14.24:375][  0]LogShaderCompilers: Display: Worker (1/5): shaders left to compile 3049
[2020.06.05-06.14.24:375][  0]LogShaderCompilers: Display: Worker (2/5): shaders left to compile 3048
[2020.06.05-06.14.24:375][  0]LogShaderCompilers: Display: Worker (3/5): shaders left to compile 3047
[2020.06.05-06.14.24:375][  0]LogShaderCompilers: Display: Worker (5/5): shaders left to compile 3046
[2020.06.05-06.14.24:375][  0]LogShaderCompilers: Display: Worker (4/5): shaders left to compile 3045
[2020.06.05-06.14.24:376][  0]LogShaderCompilers: Display: Worker (5/5): shaders left to compile 3044
[2020.06.05-06.14.24:376][  0]LogShaderCompilers: Display: Worker (4/5): shaders left to compile 3043
[2020.06.05-06.14.24:376][  0]LogShaderCompilers: Display: Worker (1/5): shaders left to compile 3042
[2020.06.05-06.14.24:376][  0]LogShaderCompilers: Display: Worker (5/5): shaders left to compile 3041
[2020.06.05-06.14.24:376][  0]LogShaderCompilers: Display: Worker (3/5): shaders left to compile 3040
[2020.06.05-06.14.24:376][  0]LogShaderCompilers: Display: Worker (4/5): shaders left to compile 3039
[2020.06.05-06.14.24:376][  0]LogShaderCompilers: Display: Worker (1/5): shaders left to compile 3038
[2020.06.05-06.14.24:376][  0]LogShaderCompilers: Display: Worker (2/5): shaders left to compile 3037
[2020.06.05-06.14.24:376][  0]LogShaderCompilers: Display: Worker (5/5): shaders left to compile 3036
[2020.06.05-06.14.24:376][  0]LogShaderCompilers: Display: Worker (3/5): shaders left to compile 3035
[2020.06.05-06.14.24:376][  0]LogShaderCompilers: Display: Worker (2/5): shaders left to compile 3034
[2020.06.05-06.14.24:376][  0]LogShaderCompilers: Display: Worker (1/5): shaders left to compile 3033
[2020.06.05-06.14.24:377][  0]LogShaderCompilers: Display: Worker (5/5): shaders left to compile 3032
[2020.06.05-06.14.24:377][  0]LogShaderCompilers: Display: Worker (3/5): shaders left to compile 3031
[2020.06.05-06.14.24:377][  0]LogShaderCompilers: Display: Worker (2/5): shaders left to compile 3030
[2020.06.05-06.14.24:377][  0]LogShaderCompilers: Display: Worker (1/5): shaders left to compile 3029
[2020.06.05-06.14.24:377][  0]LogShaderCompilers: Display: Worker (4/5): shaders left to compile 3028
[2020.06.05-06.14.24:377][  0]LogShaderCompilers: Display: Worker (4/5): shaders left to compile 3027
[2020.06.05-06.14.24:377][  0]LogShaderCompilers: Display: Worker (1/5): shaders left to compile 3026
[2020.06.05-06.14.24:377][  0]LogShaderCompilers: Display: Worker (2/5): shaders left to compile 3025
[2020.06.05-06.14.24:377][  0]LogShaderCompilers: Display: Worker (4/5): shaders left to compile 3024
[2020.06.05-06.14.24:377][  0]LogShaderCompilers: Display: Worker (1/5): shaders left to compile 3023
[2020.06.05-06.14.24:377][  0]LogShaderCompilers: Display: Worker (3/5): shaders left to compile 3022
[2020.06.05-06.14.24:377][  0]LogShaderCompilers: Display: Worker (5/5): shaders left to compile 3021
[2020.06.05-06.14.24:378][  0]LogShaderCompilers: Display: Worker (3/5): shaders left to compile 3020
[2020.06.05-06.14.24:378][  0]LogInit: Selected Device Profile: [Windows]
[2020.06.05-06.14.27:236][  0]LogShaderCompilers: Display: Worker (3/5): shaders left to compile 3019
[2020.06.05-06.14.27:237][  0]LogTexture: Display: 正在编译纹理：S_Actor（BGRA8、128X128）
[2020.06.05-06.14.27:239][  0]LogShaderCompilers: Display: Worker (5/5): shaders left to compile 3018
[2020.06.05-06.14.27:240][  0]LogShaderCompilers: Display: Worker (3/5): shaders left to compile 3017
[2020.06.05-06.14.27:241][  0]LogShaderCompilers: Display: Worker (5/5): shaders left to compile 3016
[2020.06.05-06.14.27:241][  0]LogShaderCompilers: Display: Worker (3/5): shaders left to compile 3015
[2020.06.05-06.14.27:241][  0]LogTexture: Display: 正在编译纹理：S_ExpoHeightFog（BGRA8、256X256）
[2020.06.05-06.14.27:242][  0]LogShaderCompilers: Display: Worker (5/5): shaders left to compile 3014
[2020.06.05-06.14.27:244][  0]LogShaderCompilers: Display: Worker (1/5): shaders left to compile 3013
[2020.06.05-06.14.27:245][  0]LogTexture: Display: 正在编译纹理：S_ReflActorIcon（AutoDXT、256X256）
[2020.06.05-06.14.27:246][  0]LogShaderCompilers: Display: Worker (3/5): shaders left to compile 3012
[2020.06.05-06.14.27:247][  0]LogShaderCompilers: Display: Worker (5/5): shaders left to compile 3011
[2020.06.05-06.14.27:247][  0]LogShaderCompilers: Display: Worker (1/5): shaders left to compile 3010
[2020.06.05-06.14.27:248][  0]LogShaderCompilers: Display: Worker (3/5): shaders left to compile 3009
[2020.06.05-06.14.27:248][  0]LogShaderCompilers: Display: Worker (5/5): shaders left to compile 3008
[2020.06.05-06.14.27:249][  0]LogShaderCompilers: Display: Worker (4/5): shaders left to compile 3007
[2020.06.05-06.14.27:249][  0]LogShaderCompilers: Display: Worker (1/5): shaders left to compile 3006
[2020.06.05-06.14.27:249][  0]LogShaderCompilers: Display: Worker (3/5): shaders left to compile 3005
[2020.06.05-06.14.27:249][  0]LogShaderCompilers: Display: Worker (5/5): shaders left to compile 3004
[2020.06.05-06.14.27:249][  0]LogShaderCompilers: Display: Worker (4/5): shaders left to compile 3003
[2020.06.05-06.14.27:249][  0]LogShaderCompilers: Display: Worker (1/5): shaders left to compile 3002
[2020.06.05-06.14.27:250][  0]LogShaderCompilers: Display: Worker (3/5): shaders left to compile 3001
[2020.06.05-06.14.27:251][  0]LogTexture: Display: 正在编译纹理：T_Default_Material_Grid_N（BC5、256X256）
[2020.06.05-06.14.27:251][  0]LogTexture: Display: 正在编译纹理：MatineeCam_D（AutoDXT、64X64）
[2020.06.05-06.14.27:252][  0]LogTexture: Display: 正在编译纹理：T_Default_Material_Grid_M（AutoDXT、512X512）
[2020.06.05-06.14.27:252][  0]LogShaderCompilers: Display: Worker (5/5): shaders left to compile 3000
[2020.06.05-06.14.27:252][  0]LogShaderCompilers: Display: Worker (3/5): shaders left to compile 2999
[2020.06.05-06.14.27:252][  0]LogTexture: Display: 正在编译纹理：DefaultDiffuse（AutoDXT、1024X1024）
[2020.06.05-06.14.27:253][  0]LogShaderCompilers: Display: Worker (4/5): shaders left to compile 2998
[2020.06.05-06.14.27:254][  0]LogShaderCompilers: Display: Worker (4/5): shaders left to compile 2997
[2020.06.05-06.14.27:254][  0]LogMaterial: Display: Missing cached shader map for material WorldGridMaterial, compiling. Is special engine material.
[2020.06.05-06.14.28:918][  0]LogShaderCompilers: Display: Worker (5/5): shaders left to compile 2996
[2020.06.05-06.14.28:918][  0]LogShaderCompilers: Display: Worker (3/5): shaders left to compile 2995
[2020.06.05-06.14.28:918][  0]LogShaderCompilers: Display: Worker (1/5): shaders left to compile 2994
[2020.06.05-06.14.28:918][  0]LogShaderCompilers: Display: Worker (4/5): shaders left to compile 2993
[2020.06.05-06.14.28:918][  0]LogShaderCompilers: Display: Worker (3/5): shaders left to compile 2992
[2020.06.05-06.14.28:918][  0]LogShaderCompilers: Display: Worker (5/5): shaders left to compile 2991
[2020.06.05-06.14.28:918][  0]LogShaderCompilers: Display: Worker (4/5): shaders left to compile 2990
[2020.06.05-06.14.28:918][  0]LogShaderCompilers: Display: Worker (1/5): shaders left to compile 2989
[2020.06.05-06.14.28:918][  0]LogShaderCompilers: Display: Worker (5/5): shaders left to compile 2988
[2020.06.05-06.14.28:918][  0]LogShaderCompilers: Display: Worker (3/5): shaders left to compile 2987
[2020.06.05-06.14.28:918][  0]LogShaderCompilers: Display: Worker (1/5): shaders left to compile 2986
[2020.06.05-06.14.28:918][  0]LogShaderCompilers: Display: Worker (5/5): shaders left to compile 2985
[2020.06.05-06.14.28:919][  0]LogShaderCompilers: Display: Worker (4/5): shaders left to compile 2984
[2020.06.05-06.14.28:919][  0]LogShaderCompilers: Display: Worker (3/5): shaders left to compile 2983
[2020.06.05-06.14.28:919][  0]LogShaderCompilers: Display: Worker (5/5): shaders left to compile 3939
[2020.06.05-06.14.28:919][  0]LogShaderCompilers: Display: Worker (4/5): shaders left to compile 3938
[2020.06.05-06.14.28:919][  0]LogShaderCompilers: Display: Worker (1/5): shaders left to compile 3937
[2020.06.05-06.14.28:919][  0]LogShaderCompilers: Display: Worker (5/5): shaders left to compile 3936
[2020.06.05-06.14.29:480][  0]LogShaderCompilers: Display: Worker (4/5): shaders left to compile 3935
[2020.06.05-06.14.29:480][  0]LogShaderCompilers: Display: Worker (1/5): shaders left to compile 3934
[2020.06.05-06.14.29:480][  0]LogShaderCompilers: Display: Worker (5/5): shaders left to compile 3933
[2020.06.05-06.14.29:480][  0]LogShaderCompilers: Display: Worker (3/5): shaders left to compile 3932
[2020.06.05-06.14.29:480][  0]LogShaderCompilers: Display: Worker (4/5): shaders left to compile 3931
[2020.06.05-06.14.29:480][  0]LogShaderCompilers: Display: Worker (1/5): shaders left to compile 3930
[2020.06.05-06.14.29:481][  0]LogShaderCompilers: Display: Worker (5/5): shaders left to compile 3929
[2020.06.05-06.14.29:481][  0]LogShaderCompilers: Display: Worker (4/5): shaders left to compile 3928
[2020.06.05-06.14.29:481][  0]LogShaderCompilers: Display: Worker (3/5): shaders left to compile 3927
[2020.06.05-06.14.29:481][  0]LogShaderCompilers: Display: Worker (1/5): shaders left to compile 3926
[2020.06.05-06.14.30:042][  0]LogShaderCompilers: Display: Worker (5/5): shaders left to compile 3925
[2020.06.05-06.14.30:042][  0]LogShaderCompilers: Display: Worker (4/5): shaders left to compile 3924
[2020.06.05-06.14.30:042][  0]LogShaderCompilers: Display: Worker (3/5): shaders left to compile 3923
[2020.06.05-06.14.30:042][  0]LogShaderCompilers: Display: Worker (1/5): shaders left to compile 3922
[2020.06.05-06.14.30:042][  0]LogShaderCompilers: Display: Worker (1/5): shaders left to compile 3921
[2020.06.05-06.14.30:045][  0]LogShaderCompilers: Display: Worker (5/5): shaders left to compile 3920
[2020.06.05-06.14.30:046][  0]LogShaderCompilers: Display: Worker (4/5): shaders left to compile 3919
[2020.06.05-06.14.30:608][  0]LogShaderCompilers: Display: Worker (3/5): shaders left to compile 3918
[2020.06.05-06.14.30:612][  0]LogShaderCompilers: Display: Worker (1/5): shaders left to compile 3917
[2020.06.05-06.14.30:615][  0]LogShaderCompilers: Display: Worker (5/5): shaders left to compile 3916
[2020.06.05-06.14.30:615][  0]LogShaderCompilers: Display: Worker (3/5): shaders left to compile 3915
[2020.06.05-06.14.30:618][  0]LogShaderCompilers: Display: Worker (4/5): shaders left to compile 3914
[2020.06.05-06.14.30:620][  0]LogShaderCompilers: Display: Worker (5/5): shaders left to compile 3913
[2020.06.05-06.14.30:622][  0]LogShaderCompilers: Display: Worker (4/5): shaders left to compile 3912
[2020.06.05-06.14.30:623][  0]LogShaderCompilers: Display: Worker (3/5): shaders left to compile 3911
[2020.06.05-06.14.30:623][  0]LogShaderCompilers: Display: Worker (1/5): shaders left to compile 3910
[2020.06.05-06.14.31:188][  0]LogShaderCompilers: Display: Worker (5/5): shaders left to compile 3909
[2020.06.05-06.14.31:191][  0]LogShaderCompilers: Display: Worker (4/5): shaders left to compile 3908
[2020.06.05-06.14.31:192][  0]LogShaderCompilers: Display: Worker (4/5): shaders left to compile 3907
[2020.06.05-06.14.31:192][  0]LogShaderCompilers: Display: Worker (3/5): shaders left to compile 3906
[2020.06.05-06.14.31:192][  0]LogShaderCompilers: Display: Worker (1/5): shaders left to compile 3905
[2020.06.05-06.14.31:192][  0]LogShaderCompilers: Display: Worker (5/5): shaders left to compile 3904
[2020.06.05-06.14.31:754][  0]LogShaderCompilers: Display: Worker (4/5): shaders left to compile 3903
[2020.06.05-06.14.31:754][  0]LogShaderCompilers: Display: Worker (3/5): shaders left to compile 3902
[2020.06.05-06.14.31:754][  0]LogShaderCompilers: Display: Worker (4/5): shaders left to compile 3901
[2020.06.05-06.14.31:755][  0]LogShaderCompilers: Display: Worker (1/5): shaders left to compile 3900
[2020.06.05-06.14.31:755][  0]LogShaderCompilers: Display: Worker (5/5): shaders left to compile 3899
[2020.06.05-06.14.32:316][  0]LogShaderCompilers: Display: Worker (4/5): shaders left to compile 3898
[2020.06.05-06.14.32:355][  0]LogShaderCompilers: Display: Worker (1/5): shaders left to compile 3897
[2020.06.05-06.14.32:356][  0]LogShaderCompilers: Display: Worker (5/5): shaders left to compile 3896
[2020.06.05-06.14.32:356][  0]LogShaderCompilers: Display: Worker (3/5): shaders left to compile 3895
[2020.06.05-06.14.32:356][  0]LogShaderCompilers: Display: Worker (4/5): shaders left to compile 3894
[2020.06.05-06.14.32:917][  0]LogShaderCompilers: Display: Worker (4/5): shaders left to compile 3893
[2020.06.05-06.14.33:478][  0]LogShaderCompilers: Display: Worker (3/5): shaders left to compile 3892
[2020.06.05-06.14.33:478][  0]LogShaderCompilers: Display: Worker (4/5): shaders left to compile 3891
[2020.06.05-06.14.34:600][  0]LogShaderCompilers: Display: Worker (5/5): shaders left to compile 3890
[2020.06.05-06.14.35:161][  0]LogShaderCompilers: Display: Worker (1/5): shaders left to compile 3889
[2020.06.05-06.14.35:724][  0]LogShaderCompilers: Display: Worker (3/5): shaders left to compile 3888
[2020.06.05-06.14.36:285][  0]LogShaderCompilers: Display: Worker (4/5): shaders left to compile 3887
[2020.06.05-06.14.36:846][  0]LogShaderCompilers: Display: Worker (5/5): shaders left to compile 3886
[2020.06.05-06.14.37:407][  0]LogShaderCompilers: Display: Worker (1/5): shaders left to compile 3885
[2020.06.05-06.14.37:968][  0]LogShaderCompilers: Display: Worker (3/5): shaders left to compile 3884
[2020.06.05-06.14.38:529][  0]LogShaderCompilers: Display: Worker (4/5): shaders left to compile 3883
[2020.06.05-06.14.39:651][  0]LogShaderCompilers: Display: Worker (5/5): shaders left to compile 3882
[2020.06.05-06.14.40:213][  0]LogShaderCompilers: Display: Worker (1/5): shaders left to compile 3881
[2020.06.05-06.14.40:213][  0]LogShaderCompilers: Display: Worker (4/5): shaders left to compile 3880
[2020.06.05-06.14.40:774][  0]LogShaderCompilers: Display: Worker (3/5): shaders left to compile 3879
[2020.06.05-06.14.41:896][  0]LogShaderCompilers: Display: Worker (2/5): shaders left to compile 3878
[2020.06.05-06.14.41:896][  0]LogShaderCompilers: Display: Worker (4/5): shaders left to compile 3877
[2020.06.05-06.14.42:457][  0]LogShaderCompilers: Display: Worker (5/5): shaders left to compile 3876
[2020.06.05-06.14.42:457][  0]LogShaderCompilers: Display: Worker (1/5): shaders left to compile 3875
[2020.06.05-06.14.43:580][  0]LogShaderCompilers: Display: Worker (2/5): shaders left to compile 3874
[2020.06.05-06.14.44:141][  0]LogShaderCompilers: Display: Worker (4/5): shaders left to compile 3873
[2020.06.05-06.14.44:141][  0]LogShaderCompilers: Display: Worker (3/5): shaders left to compile 3872
[2020.06.05-06.14.44:704][  0]LogShaderCompilers: Display: Worker (5/5): shaders left to compile 3871
[2020.06.05-06.14.46:386][  0]LogShaderCompilers: Display: Worker (1/5): shaders left to compile 3870
[2020.06.05-06.14.46:946][  0]LogShaderCompilers: Display: Worker (2/5): shaders left to compile 3869
[2020.06.05-06.14.47:507][  0]LogShaderCompilers: Display: Worker (4/5): shaders left to compile 3868
[2020.06.05-06.14.49:751][  0]LogShaderCompilers: Display: Worker (3/5): shaders left to compile 3867
[2020.06.05-06.14.50:312][  0]LogShaderCompilers: Display: Worker (5/5): shaders left to compile 3866
[2020.06.05-06.14.53:117][  0]LogShaderCompilers: Display: Worker (1/5): shaders left to compile 3865
[2020.06.05-06.14.53:678][  0]LogShaderCompilers: Display: Worker (2/5): shaders left to compile 3864
[2020.06.05-06.14.55:925][  0]LogShaderCompilers: Display: Worker (4/5): shaders left to compile 3863
[2020.06.05-06.14.58:730][  0]LogShaderCompilers: Display: Worker (3/5): shaders left to compile 3862
[2020.06.05-06.15.00:413][  0]LogShaderCompilers: Display: Worker (5/5): shaders left to compile 3861
[2020.06.05-06.15.03:778][  0]LogShaderCompilers: Display: Worker (1/5): shaders left to compile 3860
[2020.06.05-06.15.04:339][  0]LogShaderCompilers: Display: Worker (2/5): shaders left to compile 3859
[2020.06.05-06.15.06:583][  0]LogShaderCompilers: Display: Worker (1/5): shaders left to compile 3858
[2020.06.05-06.15.06:583][  0]LogShaderCompilers: Display: Worker (2/5): shaders left to compile 3857
[2020.06.05-06.15.07:705][  0]LogShaderCompilers: Display: Worker (4/5): shaders left to compile 3856
[2020.06.05-06.15.09:387][  0]LogShaderCompilers: Display: Worker (1/5): shaders left to compile 3855
[2020.06.05-06.15.09:387][  0]LogShaderCompilers: Display: Worker (2/5): shaders left to compile 3854
[2020.06.05-06.15.10:511][  0]LogShaderCompilers: Display: Worker (4/5): shaders left to compile 3853
[2020.06.05-06.15.11:633][  0]LogShaderCompilers: Display: Worker (2/5): shaders left to compile 3852
[2020.06.05-06.15.12:194][  0]LogShaderCompilers: Display: Worker (1/5): shaders left to compile 3851
[2020.06.05-06.15.12:755][  0]LogShaderCompilers: Display: Worker (4/5): shaders left to compile 3850
[2020.06.05-06.15.13:877][  0]LogShaderCompilers: Display: Worker (2/5): shaders left to compile 3849
[2020.06.05-06.15.14:438][  0]LogShaderCompilers: Display: Worker (4/5): shaders left to compile 3848
[2020.06.05-06.15.16:121][  0]LogShaderCompilers: Display: Worker (1/5): shaders left to compile 3847
[2020.06.05-06.15.16:124][  0]LogShaderCompilers: Display: Worker (2/5): shaders left to compile 3846
[2020.06.05-06.15.16:126][  0]LogShaderCompilers: Display: Worker (3/5): shaders left to compile 3845
[2020.06.05-06.15.16:126][  0]LogShaderCompilers: Display: Worker (4/5): shaders left to compile 3844
[2020.06.05-06.15.17:810][  0]LogShaderCompilers: Display: Worker (4/5): shaders left to compile 3843
[2020.06.05-06.15.17:810][  0]LogShaderCompilers: Display: Worker (2/5): shaders left to compile 3842
[2020.06.05-06.15.18:370][  0]LogShaderCompilers: Display: Worker (1/5): shaders left to compile 3841
[2020.06.05-06.15.18:930][  0]LogShaderCompilers: Display: Worker (5/5): shaders left to compile 3840
[2020.06.05-06.15.18:930][  0]LogShaderCompilers: Display: Worker (3/5): shaders left to compile 3839
[2020.06.05-06.15.21:735][  0]LogShaderCompilers: Display: Worker (4/5): shaders left to compile 3838
[2020.06.05-06.15.22:859][  0]LogShaderCompilers: Display: Worker (2/5): shaders left to compile 3837
[2020.06.05-06.15.25:664][  0]LogShaderCompilers: Display: Worker (1/5): shaders left to compile 3836
[2020.06.05-06.15.29:030][  0]LogShaderCompilers: Display: Worker (5/5): shaders left to compile 3835
[2020.06.05-06.15.29:030][  0]LogShaderCompilers: Display: Worker (3/5): shaders left to compile 3834
[2020.06.05-06.15.32:396][  0]LogShaderCompilers: Display: Worker (4/5): shaders left to compile 3833
[2020.06.05-06.15.35:199][  0]LogShaderCompilers: Display: Worker (2/5): shaders left to compile 3832
[2020.06.05-06.15.40:809][  0]LogShaderCompilers: Display: Worker (1/5): shaders left to compile 3831
[2020.06.05-06.15.45:297][  0]LogShaderCompilers: Display: Worker (5/5): shaders left to compile 3830
[2020.06.05-06.15.48:102][  0]LogShaderCompilers: Display: Worker (3/5): shaders left to compile 3829
[2020.06.05-06.15.51:468][  0]LogShaderCompilers: Display: Worker (4/5): shaders left to compile 3828
[2020.06.05-06.15.52:590][  0]LogShaderCompilers: Display: Worker (4/5): shaders left to compile 3827
[2020.06.05-06.15.53:151][  0]LogShaderCompilers: Display: Worker (4/5): shaders left to compile 3826
[2020.06.05-06.15.54:273][  0]LogShaderCompilers: Display: Worker (4/5): shaders left to compile 3825
[2020.06.05-06.15.55:395][  0]LogShaderCompilers: Display: Worker (2/5): shaders left to compile 3824
[2020.06.05-06.15.55:395][  0]LogShaderCompilers: Display: Worker (4/5): shaders left to compile 3823
[2020.06.05-06.15.56:517][  0]LogShaderCompilers: Display: Worker (2/5): shaders left to compile 3822
[2020.06.05-06.15.57:079][  0]LogShaderCompilers: Display: Worker (4/5): shaders left to compile 3821
[2020.06.05-06.15.58:201][  0]LogShaderCompilers: Display: Worker (2/5): shaders left to compile 3820
[2020.06.05-06.15.58:762][  0]LogShaderCompilers: Display: Worker (4/5): shaders left to compile 3819
[2020.06.05-06.15.58:764][  0]LogShaderCompilers: Display: Worker (2/5): shaders left to compile 3818
[2020.06.05-06.15.59:327][  0]LogShaderCompilers: Display: Worker (2/5): shaders left to compile 3817
[2020.06.05-06.15.59:327][  0]LogShaderCompilers: Display: Worker (4/5): shaders left to compile 3816
[2020.06.05-06.15.59:328][  0]LogShaderCompilers: Display: Worker (4/5): shaders left to compile 3815
[2020.06.05-06.15.59:329][  0]LogShaderCompilers: Display: Worker (2/5): shaders left to compile 3814
[2020.06.05-06.15.59:891][  0]LogShaderCompilers: Display: Worker (2/5): shaders left to compile 3813
[2020.06.05-06.15.59:891][  0]LogShaderCompilers: Display: Worker (4/5): shaders left to compile 3812
[2020.06.05-06.15.59:891][  0]LogShaderCompilers: Display: Worker (2/5): shaders left to compile 3811
[2020.06.05-06.15.59:891][  0]LogShaderCompilers: Display: Worker (4/5): shaders left to compile 3810
[2020.06.05-06.15.59:891][  0]LogShaderCompilers: Display: Worker (2/5): shaders left to compile 3809
[2020.06.05-06.16.00:452][  0]LogShaderCompilers: Display: Worker (4/5): shaders left to compile 3808
[2020.06.05-06.16.00:452][  0]LogShaderCompilers: Display: Worker (2/5): shaders left to compile 3807
[2020.06.05-06.16.00:452][  0]LogShaderCompilers: Display: Worker (4/5): shaders left to compile 3806
[2020.06.05-06.16.11:109][  0]LogShaderCompilers: Display: Worker (1/5): shaders left to compile 3805
[2020.06.05-06.16.12:231][  0]LogShaderCompilers: Display: Worker (1/5): shaders left to compile 3804
[2020.06.05-06.16.13:914][  0]LogShaderCompilers: Display: Worker (1/5): shaders left to compile 3803
[2020.06.05-06.16.13:915][  0]LogShaderCompilers: Display: Worker (1/5): shaders left to compile 3802
[2020.06.05-06.16.15:037][  0]LogShaderCompilers: Display: Worker (1/5): shaders left to compile 3801
[2020.06.05-06.16.16:720][  0]LogShaderCompilers: Display: Worker (1/5): shaders left to compile 3800
[2020.06.05-06.16.18:971][  0]LogShaderCompilers: Display: Worker (1/5): shaders left to compile 3799
[2020.06.05-06.16.18:971][  0]LogShaderCompilers: Display: Worker (5/5): shaders left to compile 3798
[2020.06.05-06.16.21:213][  0]LogShaderCompilers: Display: Worker (1/5): shaders left to compile 3797
[2020.06.05-06.16.22:337][  0]LogShaderCompilers: Display: Worker (5/5): shaders left to compile 3796
[2020.06.05-06.16.22:337][  0]LogShaderCompilers: Display: Worker (1/5): shaders left to compile 3795
[2020.06.05-06.16.23:460][  0]LogShaderCompilers: Display: Worker (5/5): shaders left to compile 3794
[2020.06.05-06.16.23:460][  0]LogShaderCompilers: Display: Worker (1/5): shaders left to compile 3793
[2020.06.05-06.16.24:021][  0]LogShaderCompilers: Display: Worker (3/5): shaders left to compile 3792
[2020.06.05-06.16.24:582][  0]LogShaderCompilers: Display: Worker (1/5): shaders left to compile 3791
[2020.06.05-06.16.24:582][  0]LogShaderCompilers: Display: Worker (5/5): shaders left to compile 3790
[2020.06.05-06.16.24:583][  0]LogShaderCompilers: Display: Worker (3/5): shaders left to compile 3789
[2020.06.05-06.16.25:145][  0]LogShaderCompilers: Display: Worker (1/5): shaders left to compile 3788
[2020.06.05-06.16.25:708][  0]LogShaderCompilers: Display: Worker (5/5): shaders left to compile 3787
[2020.06.05-06.16.25:708][  0]LogShaderCompilers: Display: Worker (3/5): shaders left to compile 3786
[2020.06.05-06.16.26:270][  0]LogShaderCompilers: Display: Worker (1/5): shaders left to compile 3785
[2020.06.05-06.16.27:393][  0]LogShaderCompilers: Display: Worker (3/5): shaders left to compile 3784
[2020.06.05-06.16.27:394][  0]LogShaderCompilers: Display: Worker (5/5): shaders left to compile 3783
[2020.06.05-06.16.27:394][  0]LogShaderCompilers: Display: Worker (1/5): shaders left to compile 3782
[2020.06.05-06.16.28:516][  0]LogShaderCompilers: Display: Worker (3/5): shaders left to compile 3781
[2020.06.05-06.16.28:516][  0]LogShaderCompilers: Display: Worker (5/5): shaders left to compile 3780
[2020.06.05-06.16.29:078][  0]LogShaderCompilers: Display: Worker (1/5): shaders left to compile 3779
[2020.06.05-06.16.29:646][  0]LogShaderCompilers: Display: Worker (3/5): shaders left to compile 3778
[2020.06.05-06.16.29:646][  0]LogShaderCompilers: Display: Worker (5/5): shaders left to compile 3777
[2020.06.05-06.16.29:646][  0]LogShaderCompilers: Display: Worker (1/5): shaders left to compile 3776
[2020.06.05-06.16.30:207][  0]LogShaderCompilers: Display: Worker (3/5): shaders left to compile 3775
[2020.06.05-06.16.30:208][  0]LogShaderCompilers: Display: Worker (1/5): shaders left to compile 3774
[2020.06.05-06.16.31:332][  0]LogShaderCompilers: Display: Worker (5/5): shaders left to compile 3773
[2020.06.05-06.16.31:893][  0]LogShaderCompilers: Display: Worker (5/5): shaders left to compile 3772
[2020.06.05-06.16.31:893][  0]LogShaderCompilers: Display: Worker (3/5): shaders left to compile 3771
[2020.06.05-06.16.32:457][  0]LogShaderCompilers: Display: Worker (1/5): shaders left to compile 3770
[2020.06.05-06.16.33:018][  0]LogShaderCompilers: Display: Worker (5/5): shaders left to compile 3769
[2020.06.05-06.16.33:581][  0]LogShaderCompilers: Display: Worker (3/5): shaders left to compile 3768
[2020.06.05-06.16.34:143][  0]LogShaderCompilers: Display: Worker (3/5): shaders left to compile 3767
[2020.06.05-06.16.34:143][  0]LogShaderCompilers: Display: Worker (1/5): shaders left to compile 3766
[2020.06.05-06.16.34:704][  0]LogShaderCompilers: Display: Worker (5/5): shaders left to compile 3765
[2020.06.05-06.16.34:704][  0]LogShaderCompilers: Display: Worker (3/5): shaders left to compile 3764
[2020.06.05-06.16.35:268][  0]LogShaderCompilers: Display: Worker (1/5): shaders left to compile 3763
[2020.06.05-06.16.35:268][  0]LogShaderCompilers: Display: Worker (5/5): shaders left to compile 3762
[2020.06.05-06.16.35:834][  0]LogShaderCompilers: Display: Worker (5/5): shaders left to compile 3761
[2020.06.05-06.16.36:400][  0]LogShaderCompilers: Display: Worker (3/5): shaders left to compile 3760
[2020.06.05-06.16.36:419][  0]LogShaderCompilers: Display: Worker (1/5): shaders left to compile 3759
